-------------------------------------------------------------------------------
Test set: com.example.SnakeYamlFuzzTest
-------------------------------------------------------------------------------
Tests run: 13, Failures: 0, Errors: 2, Skipped: 0, Time elapsed: 3.028 s <<< FAILURE! - in com.example.SnakeYamlFuzzTest
com.example.SnakeYamlFuzzTest.fuzzYamlParser(String)[5]  Time elapsed: 0.282 s  <<< ERROR!
com.code_intelligence.jazzer.junit.FuzzTestFindingException: java.lang.StackOverflowError
	at com.code_intelligence.jazzer.junit.FuzzTestExtensions.runWithHooks(FuzzTestExtensions.java:127)
	at com.code_intelligence.jazzer.junit.FuzzTestExtensions.interceptTestTemplateMethod(FuzzTestExtensions.java:82)
	at org.junit.jupiter.engine.execution.InterceptingExecutableInvoker$ReflectiveInterceptorCall.lambda$ofVoidMethod$0(InterceptingExecutableInvoker.java:103)
	at org.junit.jupiter.engine.execution.InterceptingExecutableInvoker.lambda$invoke$0(InterceptingExecutableInvoker.java:93)
	at org.junit.jupiter.engine.execution.InvocationInterceptorChain$InterceptedInvocation.proceed(InvocationInterceptorChain.java:106)
	at org.junit.jupiter.engine.extension.TimeoutExtension.intercept(TimeoutExtension.java:156)
	at org.junit.jupiter.engine.extension.TimeoutExtension.interceptTestableMethod(TimeoutExtension.java:147)
	at org.junit.jupiter.engine.extension.TimeoutExtension.interceptTestTemplateMethod(TimeoutExtension.java:94)
	at org.junit.jupiter.engine.execution.InterceptingExecutableInvoker$ReflectiveInterceptorCall.lambda$ofVoidMethod$0(InterceptingExecutableInvoker.java:103)
	at org.junit.jupiter.engine.execution.InterceptingExecutableInvoker.lambda$invoke$0(InterceptingExecutableInvoker.java:93)
	at org.junit.jupiter.engine.execution.InvocationInterceptorChain$InterceptedInvocation.proceed(InvocationInterceptorChain.java:106)
	at org.junit.jupiter.engine.execution.InvocationInterceptorChain.proceed(InvocationInterceptorChain.java:64)
	at org.junit.jupiter.engine.execution.InvocationInterceptorChain.chainAndInvoke(InvocationInterceptorChain.java:45)
	at org.junit.jupiter.engine.execution.InvocationInterceptorChain.invoke(InvocationInterceptorChain.java:37)
	at org.junit.jupiter.engine.execution.InterceptingExecutableInvoker.invoke(InterceptingExecutableInvoker.java:92)
	at org.junit.jupiter.engine.execution.InterceptingExecutableInvoker.invoke(InterceptingExecutableInvoker.java:86)
	at org.junit.jupiter.engine.descriptor.TestMethodTestDescriptor.lambda$invokeTestMethod$7(TestMethodTestDescriptor.java:217)
	at org.junit.platform.engine.support.hierarchical.ThrowableCollector.execute(ThrowableCollector.java:73)
	at org.junit.jupiter.engine.descriptor.TestMethodTestDescriptor.invokeTestMethod(TestMethodTestDescriptor.java:213)
	at org.junit.jupiter.engine.descriptor.TestMethodTestDescriptor.execute(TestMethodTestDescriptor.java:138)
	at org.junit.jupiter.engine.descriptor.TestMethodTestDescriptor.execute(TestMethodTestDescriptor.java:68)
	at org.junit.platform.engine.support.hierarchical.NodeTestTask.lambda$executeRecursively$6(NodeTestTask.java:151)
	at org.junit.platform.engine.support.hierarchical.ThrowableCollector.execute(ThrowableCollector.java:73)
	at org.junit.platform.engine.support.hierarchical.NodeTestTask.lambda$executeRecursively$8(NodeTestTask.java:141)
	at org.junit.platform.engine.support.hierarchical.Node.around(Node.java:137)
	at org.junit.platform.engine.support.hierarchical.NodeTestTask.lambda$executeRecursively$9(NodeTestTask.java:139)
	at org.junit.platform.engine.support.hierarchical.ThrowableCollector.execute(ThrowableCollector.java:73)
	at org.junit.platform.engine.support.hierarchical.NodeTestTask.executeRecursively(NodeTestTask.java:138)
	at org.junit.platform.engine.support.hierarchical.NodeTestTask.execute(NodeTestTask.java:95)
	at org.junit.platform.engine.support.hierarchical.SameThreadHierarchicalTestExecutorService.submit(SameThreadHierarchicalTestExecutorService.java:35)
	at org.junit.platform.engine.support.hierarchical.NodeTestTask$DefaultDynamicTestExecutor.execute(NodeTestTask.java:226)
	at org.junit.platform.engine.support.hierarchical.NodeTestTask$DefaultDynamicTestExecutor.execute(NodeTestTask.java:204)
	at org.junit.jupiter.engine.descriptor.TestTemplateTestDescriptor.execute(TestTemplateTestDescriptor.java:142)
	at org.junit.jupiter.engine.descriptor.TestTemplateTestDescriptor.lambda$execute$2(TestTemplateTestDescriptor.java:110)
	at java.base/java.util.stream.ForEachOps$ForEachOp$OfRef.accept(ForEachOps.java:183)
	at java.base/java.util.stream.ReferencePipeline$3$1.accept(ReferencePipeline.java:197)
	at java.base/java.util.stream.ReferencePipeline$2$1.accept(ReferencePipeline.java:179)
	at java.base/java.util.stream.ReferencePipeline$3$1.accept(ReferencePipeline.java:197)
	at java.base/java.util.stream.ForEachOps$ForEachOp$OfRef.accept(ForEachOps.java:183)
	at java.base/java.util.stream.ReferencePipeline$3$1.accept(ReferencePipeline.java:197)
	at java.base/java.util.stream.ReferencePipeline$3$1.accept(ReferencePipeline.java:197)
	at java.base/java.util.stream.ReferencePipeline$3$1.accept(ReferencePipeline.java:197)
	at java.base/java.util.stream.ForEachOps$ForEachOp$OfRef.accept(ForEachOps.java:183)
	at java.base/java.util.stream.ReferencePipeline$3$1.accept(ReferencePipeline.java:197)
	at java.base/java.util.Spliterators$ArraySpliterator.forEachRemaining(Spliterators.java:992)
	at java.base/java.util.stream.ReferencePipeline$Head.forEach(ReferencePipeline.java:762)
	at java.base/java.util.stream.ReferencePipeline$7$1.accept(ReferencePipeline.java:276)
	at java.base/java.util.stream.ReferencePipeline$3$1.accept(ReferencePipeline.java:197)
	at java.base/java.util.stream.ReferencePipeline$3$1.accept(ReferencePipeline.java:197)
	at java.base/java.util.Spliterators$ArraySpliterator.forEachRemaining(Spliterators.java:992)
	at java.base/java.util.stream.AbstractPipeline.copyInto(AbstractPipeline.java:509)
	at java.base/java.util.stream.AbstractPipeline.wrapAndCopyInto(AbstractPipeline.java:499)
	at java.base/java.util.stream.ForEachOps$ForEachOp.evaluateSequential(ForEachOps.java:150)
	at java.base/java.util.stream.ForEachOps$ForEachOp$OfRef.evaluateSequential(ForEachOps.java:173)
	at java.base/java.util.stream.AbstractPipeline.evaluate(AbstractPipeline.java:234)
	at java.base/java.util.stream.ReferencePipeline.forEach(ReferencePipeline.java:596)
	at java.base/java.util.stream.ReferencePipeline$7$1.accept(ReferencePipeline.java:276)
	at java.base/java.util.stream.ReferencePipeline$3$1.accept(ReferencePipeline.java:197)
	at java.base/java.util.stream.ReferencePipeline$3$1.accept(ReferencePipeline.java:197)
	at java.base/java.util.stream.ReferencePipeline$3$1.accept(ReferencePipeline.java:197)
	at java.base/java.util.ArrayList$ArrayListSpliterator.forEachRemaining(ArrayList.java:1625)
	at java.base/java.util.stream.AbstractPipeline.copyInto(AbstractPipeline.java:509)
	at java.base/java.util.stream.AbstractPipeline.wrapAndCopyInto(AbstractPipeline.java:499)
	at java.base/java.util.stream.ForEachOps$ForEachOp.evaluateSequential(ForEachOps.java:150)
	at java.base/java.util.stream.ForEachOps$ForEachOp$OfRef.evaluateSequential(ForEachOps.java:173)
	at java.base/java.util.stream.AbstractPipeline.evaluate(AbstractPipeline.java:234)
	at java.base/java.util.stream.ReferencePipeline.forEach(ReferencePipeline.java:596)
	at java.base/java.util.stream.ReferencePipeline$7$1.accept(ReferencePipeline.java:276)
	at java.base/java.util.ArrayList$ArrayListSpliterator.forEachRemaining(ArrayList.java:1625)
	at java.base/java.util.stream.AbstractPipeline.copyInto(AbstractPipeline.java:509)
	at java.base/java.util.stream.AbstractPipeline.wrapAndCopyInto(AbstractPipeline.java:499)
	at java.base/java.util.stream.ForEachOps$ForEachOp.evaluateSequential(ForEachOps.java:150)
	at java.base/java.util.stream.ForEachOps$ForEachOp$OfRef.evaluateSequential(ForEachOps.java:173)
	at java.base/java.util.stream.AbstractPipeline.evaluate(AbstractPipeline.java:234)
	at java.base/java.util.stream.ReferencePipeline.forEach(ReferencePipeline.java:596)
	at org.junit.jupiter.engine.descriptor.TestTemplateTestDescriptor.execute(TestTemplateTestDescriptor.java:110)
	at org.junit.jupiter.engine.descriptor.TestTemplateTestDescriptor.execute(TestTemplateTestDescriptor.java:44)
	at org.junit.platform.engine.support.hierarchical.NodeTestTask.lambda$executeRecursively$6(NodeTestTask.java:151)
	at org.junit.platform.engine.support.hierarchical.ThrowableCollector.execute(ThrowableCollector.java:73)
	at org.junit.platform.engine.support.hierarchical.NodeTestTask.lambda$executeRecursively$8(NodeTestTask.java:141)
	at org.junit.platform.engine.support.hierarchical.Node.around(Node.java:137)
	at org.junit.platform.engine.support.hierarchical.NodeTestTask.lambda$executeRecursively$9(NodeTestTask.java:139)
	at org.junit.platform.engine.support.hierarchical.ThrowableCollector.execute(ThrowableCollector.java:73)
	at org.junit.platform.engine.support.hierarchical.NodeTestTask.executeRecursively(NodeTestTask.java:138)
	at org.junit.platform.engine.support.hierarchical.NodeTestTask.execute(NodeTestTask.java:95)
	at java.base/java.util.ArrayList.forEach(ArrayList.java:1511)
	at org.junit.platform.engine.support.hierarchical.SameThreadHierarchicalTestExecutorService.invokeAll(SameThreadHierarchicalTestExecutorService.java:41)
	at org.junit.platform.engine.support.hierarchical.NodeTestTask.lambda$executeRecursively$6(NodeTestTask.java:155)
	at org.junit.platform.engine.support.hierarchical.ThrowableCollector.execute(ThrowableCollector.java:73)
	at org.junit.platform.engine.support.hierarchical.NodeTestTask.lambda$executeRecursively$8(NodeTestTask.java:141)
	at org.junit.platform.engine.support.hierarchical.Node.around(Node.java:137)
	at org.junit.platform.engine.support.hierarchical.NodeTestTask.lambda$executeRecursively$9(NodeTestTask.java:139)
	at org.junit.platform.engine.support.hierarchical.ThrowableCollector.execute(ThrowableCollector.java:73)
	at org.junit.platform.engine.support.hierarchical.NodeTestTask.executeRecursively(NodeTestTask.java:138)
	at org.junit.platform.engine.support.hierarchical.NodeTestTask.execute(NodeTestTask.java:95)
	at java.base/java.util.ArrayList.forEach(ArrayList.java:1511)
	at org.junit.platform.engine.support.hierarchical.SameThreadHierarchicalTestExecutorService.invokeAll(SameThreadHierarchicalTestExecutorService.java:41)
	at org.junit.platform.engine.support.hierarchical.NodeTestTask.lambda$executeRecursively$6(NodeTestTask.java:155)
	at org.junit.platform.engine.support.hierarchical.ThrowableCollector.execute(ThrowableCollector.java:73)
	at org.junit.platform.engine.support.hierarchical.NodeTestTask.lambda$executeRecursively$8(NodeTestTask.java:141)
	at org.junit.platform.engine.support.hierarchical.Node.around(Node.java:137)
	at org.junit.platform.engine.support.hierarchical.NodeTestTask.lambda$executeRecursively$9(NodeTestTask.java:139)
	at org.junit.platform.engine.support.hierarchical.ThrowableCollector.execute(ThrowableCollector.java:73)
	at org.junit.platform.engine.support.hierarchical.NodeTestTask.executeRecursively(NodeTestTask.java:138)
	at org.junit.platform.engine.support.hierarchical.NodeTestTask.execute(NodeTestTask.java:95)
	at org.junit.platform.engine.support.hierarchical.SameThreadHierarchicalTestExecutorService.submit(SameThreadHierarchicalTestExecutorService.java:35)
	at org.junit.platform.engine.support.hierarchical.HierarchicalTestExecutor.execute(HierarchicalTestExecutor.java:57)
	at org.junit.platform.engine.support.hierarchical.HierarchicalTestEngine.execute(HierarchicalTestEngine.java:54)
	at org.junit.platform.launcher.core.EngineExecutionOrchestrator.execute(EngineExecutionOrchestrator.java:147)
	at org.junit.platform.launcher.core.EngineExecutionOrchestrator.execute(EngineExecutionOrchestrator.java:127)
	at org.junit.platform.launcher.core.EngineExecutionOrchestrator.execute(EngineExecutionOrchestrator.java:90)
	at org.junit.platform.launcher.core.EngineExecutionOrchestrator.lambda$execute$0(EngineExecutionOrchestrator.java:55)
	at org.junit.platform.launcher.core.EngineExecutionOrchestrator.withInterceptedStreams(EngineExecutionOrchestrator.java:102)
	at org.junit.platform.launcher.core.EngineExecutionOrchestrator.execute(EngineExecutionOrchestrator.java:54)
	at org.junit.platform.launcher.core.DefaultLauncher.execute(DefaultLauncher.java:114)
	at org.junit.platform.launcher.core.DefaultLauncher.execute(DefaultLauncher.java:86)
	at org.junit.platform.launcher.core.DefaultLauncherSession$DelegatingLauncher.execute(DefaultLauncherSession.java:86)
	at org.apache.maven.surefire.junitplatform.LazyLauncher.execute(LazyLauncher.java:55)
	at org.apache.maven.surefire.junitplatform.JUnitPlatformProvider.execute(JUnitPlatformProvider.java:223)
	at org.apache.maven.surefire.junitplatform.JUnitPlatformProvider.invokeAllTests(JUnitPlatformProvider.java:175)
	at org.apache.maven.surefire.junitplatform.JUnitPlatformProvider.invoke(JUnitPlatformProvider.java:139)
	at org.apache.maven.surefire.booter.ForkedBooter.runSuitesInProcess(ForkedBooter.java:456)
	at org.apache.maven.surefire.booter.ForkedBooter.execute(ForkedBooter.java:169)
	at org.apache.maven.surefire.booter.ForkedBooter.run(ForkedBooter.java:595)
	at org.apache.maven.surefire.booter.ForkedBooter.main(ForkedBooter.java:581)
Caused by: java.lang.StackOverflowError
	at org.yaml.snakeyaml.reader.StreamReader.peek(StreamReader.java)
	at org.yaml.snakeyaml.scanner.ScannerImpl.scanLineBreak(ScannerImpl.java:2363)
	at org.yaml.snakeyaml.scanner.ScannerImpl.scanToNextToken(ScannerImpl.java:1259)
	at org.yaml.snakeyaml.scanner.ScannerImpl.fetchMoreTokens(ScannerImpl.java:329)
	at org.yaml.snakeyaml.scanner.ScannerImpl.checkToken(ScannerImpl.java:251)
	at org.yaml.snakeyaml.parser.ParserImpl$ParseFlowSequenceEntry.produce(ParserImpl.java:744)
	at org.yaml.snakeyaml.parser.ParserImpl$ParseFlowSequenceFirstEntry.produce(ParserImpl.java:732)
	at org.yaml.snakeyaml.parser.ParserImpl.peekEvent(ParserImpl.java:166)
	at org.yaml.snakeyaml.parser.ParserImpl.checkEvent(ParserImpl.java:156)
	at org.yaml.snakeyaml.composer.Composer.composeSequenceNode(Composer.java:240)
	at org.yaml.snakeyaml.composer.Composer.composeNode(Composer.java:186)
	at org.yaml.snakeyaml.composer.Composer.composeSequenceNode(Composer.java:245)
	at org.yaml.snakeyaml.composer.Composer.composeNode(Composer.java:186)
	at org.yaml.snakeyaml.composer.Composer.composeSequenceNode(Composer.java:245)
	at org.yaml.snakeyaml.composer.Composer.composeNode(Composer.java:186)
	at org.yaml.snakeyaml.composer.Composer.composeSequenceNode(Composer.java:245)
	at org.yaml.snakeyaml.composer.Composer.composeNode(Composer.java:186)
	at org.yaml.snakeyaml.composer.Composer.composeSequenceNode(Composer.java:245)
	at org.yaml.snakeyaml.composer.Composer.composeNode(Composer.java:186)
	at org.yaml.snakeyaml.composer.Composer.composeSequenceNode(Composer.java:245)
	at org.yaml.snakeyaml.composer.Composer.composeNode(Composer.java:186)
	at org.yaml.snakeyaml.composer.Composer.composeSequenceNode(Composer.java:245)
	at org.yaml.snakeyaml.composer.Composer.composeNode(Composer.java:186)
	at org.yaml.snakeyaml.composer.Composer.composeSequenceNode(Composer.java:245)
	at org.yaml.snakeyaml.composer.Composer.composeNode(Composer.java:186)
	at org.yaml.snakeyaml.composer.Composer.composeSequenceNode(Composer.java:245)
	at org.yaml.snakeyaml.composer.Composer.composeNode(Composer.java:186)
	at org.yaml.snakeyaml.composer.Composer.composeSequenceNode(Composer.java:245)
	at org.yaml.snakeyaml.composer.Composer.composeNode(Composer.java:186)
	at org.yaml.snakeyaml.composer.Composer.composeSequenceNode(Composer.java:245)
	at org.yaml.snakeyaml.composer.Composer.composeNode(Composer.java:186)
	at org.yaml.snakeyaml.composer.Composer.composeSequenceNode(Composer.java:245)
	at org.yaml.snakeyaml.composer.Composer.composeNode(Composer.java:186)
	at org.yaml.snakeyaml.composer.Composer.composeSequenceNode(Composer.java:245)
	at org.yaml.snakeyaml.composer.Composer.composeNode(Composer.java:186)
	at org.yaml.snakeyaml.composer.Composer.composeSequenceNode(Composer.java:245)
	at org.yaml.snakeyaml.composer.Composer.composeNode(Composer.java:186)
	at org.yaml.snakeyaml.composer.Composer.composeSequenceNode(Composer.java:245)
	at org.yaml.snakeyaml.composer.Composer.composeNode(Composer.java:186)
	at org.yaml.snakeyaml.composer.Composer.composeSequenceNode(Composer.java:245)
	at org.yaml.snakeyaml.composer.Composer.composeNode(Composer.java:186)
	at org.yaml.snakeyaml.composer.Composer.composeSequenceNode(Composer.java:245)
	at org.yaml.snakeyaml.composer.Composer.composeNode(Composer.java:186)
	at org.yaml.snakeyaml.composer.Composer.composeSequenceNode(Composer.java:245)
	at org.yaml.snakeyaml.composer.Composer.composeNode(Composer.java:186)
	at org.yaml.snakeyaml.composer.Composer.composeSequenceNode(Composer.java:245)
	at org.yaml.snakeyaml.composer.Composer.composeNode(Composer.java:186)
	at org.yaml.snakeyaml.composer.Composer.composeSequenceNode(Composer.java:245)
	at org.yaml.snakeyaml.composer.Composer.composeNode(Composer.java:186)
	at org.yaml.snakeyaml.composer.Composer.composeSequenceNode(Composer.java:245)
	at org.yaml.snakeyaml.composer.Composer.composeNode(Composer.java:186)
	at org.yaml.snakeyaml.composer.Composer.composeSequenceNode(Composer.java:245)
	at org.yaml.snakeyaml.composer.Composer.composeNode(Composer.java:186)
	at org.yaml.snakeyaml.composer.Composer.composeSequenceNode(Composer.java:245)
	at org.yaml.snakeyaml.composer.Composer.composeNode(Composer.java:186)
	at org.yaml.snakeyaml.composer.Composer.composeSequenceNode(Composer.java:245)
	at org.yaml.snakeyaml.composer.Composer.composeNode(Composer.java:186)
	at org.yaml.snakeyaml.composer.Composer.composeSequenceNode(Composer.java:245)
	at org.yaml.snakeyaml.composer.Composer.composeNode(Composer.java:186)
	at org.yaml.snakeyaml.composer.Composer.composeSequenceNode(Composer.java:245)
	at org.yaml.snakeyaml.composer.Composer.composeNode(Composer.java:186)
	at org.yaml.snakeyaml.composer.Composer.composeSequenceNode(Composer.java:245)
	at org.yaml.snakeyaml.composer.Composer.composeNode(Composer.java:186)
	at org.yaml.snakeyaml.composer.Composer.composeSequenceNode(Composer.java:245)
	at org.yaml.snakeyaml.composer.Composer.composeNode(Composer.java:186)
	at org.yaml.snakeyaml.composer.Composer.composeSequenceNode(Composer.java:245)
	at org.yaml.snakeyaml.composer.Composer.composeNode(Composer.java:186)
	at org.yaml.snakeyaml.composer.Composer.composeSequenceNode(Composer.java:245)
	at org.yaml.snakeyaml.composer.Composer.composeNode(Composer.java:186)
	at org.yaml.snakeyaml.composer.Composer.composeSequenceNode(Composer.java:245)
	at org.yaml.snakeyaml.composer.Composer.composeNode(Composer.java:186)
	at org.yaml.snakeyaml.composer.Composer.composeSequenceNode(Composer.java:245)
	at org.yaml.snakeyaml.composer.Composer.composeNode(Composer.java:186)
	at org.yaml.snakeyaml.composer.Composer.composeSequenceNode(Composer.java:245)
	at org.yaml.snakeyaml.composer.Composer.composeNode(Composer.java:186)
	at org.yaml.snakeyaml.composer.Composer.composeSequenceNode(Composer.java:245)
	at org.yaml.snakeyaml.composer.Composer.composeNode(Composer.java:186)
	at org.yaml.snakeyaml.composer.Composer.composeSequenceNode(Composer.java:245)
	at org.yaml.snakeyaml.composer.Composer.composeNode(Composer.java:186)
	at org.yaml.snakeyaml.composer.Composer.composeSequenceNode(Composer.java:245)
	at org.yaml.snakeyaml.composer.Composer.composeNode(Composer.java:186)
	at org.yaml.snakeyaml.composer.Composer.composeSequenceNode(Composer.java:245)
	at org.yaml.snakeyaml.composer.Composer.composeNode(Composer.java:186)
	at org.yaml.snakeyaml.composer.Composer.composeSequenceNode(Composer.java:245)
	at org.yaml.snakeyaml.composer.Composer.composeNode(Composer.java:186)
	at org.yaml.snakeyaml.composer.Composer.composeSequenceNode(Composer.java:245)
	at org.yaml.snakeyaml.composer.Composer.composeNode(Composer.java:186)
	at org.yaml.snakeyaml.composer.Composer.composeSequenceNode(Composer.java:245)
	at org.yaml.snakeyaml.composer.Composer.composeNode(Composer.java:186)
	at org.yaml.snakeyaml.composer.Composer.composeSequenceNode(Composer.java:245)
	at org.yaml.snakeyaml.composer.Composer.composeNode(Composer.java:186)
	at org.yaml.snakeyaml.composer.Composer.composeSequenceNode(Composer.java:245)
	at org.yaml.snakeyaml.composer.Composer.composeNode(Composer.java:186)
	at org.yaml.snakeyaml.composer.Composer.composeSequenceNode(Composer.java:245)
	at org.yaml.snakeyaml.composer.Composer.composeNode(Composer.java:186)
	at org.yaml.snakeyaml.composer.Composer.composeSequenceNode(Composer.java:245)
	at org.yaml.snakeyaml.composer.Composer.composeNode(Composer.java:186)
	at org.yaml.snakeyaml.composer.Composer.composeSequenceNode(Composer.java:245)
	at org.yaml.snakeyaml.composer.Composer.composeNode(Composer.java:186)
	at org.yaml.snakeyaml.composer.Composer.composeSequenceNode(Composer.java:245)
	at org.yaml.snakeyaml.composer.Composer.composeNode(Composer.java:186)
	at org.yaml.snakeyaml.composer.Composer.composeSequenceNode(Composer.java:245)
	at org.yaml.snakeyaml.composer.Composer.composeNode(Composer.java:186)
	at org.yaml.snakeyaml.composer.Composer.composeSequenceNode(Composer.java:245)
	at org.yaml.snakeyaml.composer.Composer.composeNode(Composer.java:186)
	at org.yaml.snakeyaml.composer.Composer.composeSequenceNode(Composer.java:245)
	at org.yaml.snakeyaml.composer.Composer.composeNode(Composer.java:186)
	at org.yaml.snakeyaml.composer.Composer.composeSequenceNode(Composer.java:245)
	at org.yaml.snakeyaml.composer.Composer.composeNode(Composer.java:186)
	at org.yaml.snakeyaml.composer.Composer.composeSequenceNode(Composer.java:245)
	at org.yaml.snakeyaml.composer.Composer.composeNode(Composer.java:186)
	at org.yaml.snakeyaml.composer.Composer.composeSequenceNode(Composer.java:245)
	at org.yaml.snakeyaml.composer.Composer.composeNode(Composer.java:186)
	at org.yaml.snakeyaml.composer.Composer.composeSequenceNode(Composer.java:245)
	at org.yaml.snakeyaml.composer.Composer.composeNode(Composer.java:186)
	at org.yaml.snakeyaml.composer.Composer.composeSequenceNode(Composer.java:245)
	at org.yaml.snakeyaml.composer.Composer.composeNode(Composer.java:186)
	at org.yaml.snakeyaml.composer.Composer.composeSequenceNode(Composer.java:245)
	at org.yaml.snakeyaml.composer.Composer.composeNode(Composer.java:186)
	at org.yaml.snakeyaml.composer.Composer.composeSequenceNode(Composer.java:245)
	at org.yaml.snakeyaml.composer.Composer.composeNode(Composer.java:186)
	at org.yaml.snakeyaml.composer.Composer.composeSequenceNode(Composer.java:245)
	at org.yaml.snakeyaml.composer.Composer.composeNode(Composer.java:186)
	at org.yaml.snakeyaml.composer.Composer.composeSequenceNode(Composer.java:245)
	at org.yaml.snakeyaml.composer.Composer.composeNode(Composer.java:186)
	at org.yaml.snakeyaml.composer.Composer.composeSequenceNode(Composer.java:245)
	at org.yaml.snakeyaml.composer.Composer.composeNode(Composer.java:186)
	at org.yaml.snakeyaml.composer.Composer.composeSequenceNode(Composer.java:245)
	at org.yaml.snakeyaml.composer.Composer.composeNode(Composer.java:186)
	at org.yaml.snakeyaml.composer.Composer.composeSequenceNode(Composer.java:245)
	at org.yaml.snakeyaml.composer.Composer.composeNode(Composer.java:186)
	at org.yaml.snakeyaml.composer.Composer.composeSequenceNode(Composer.java:245)
	at org.yaml.snakeyaml.composer.Composer.composeNode(Composer.java:186)
	at org.yaml.snakeyaml.composer.Composer.composeSequenceNode(Composer.java:245)
	at org.yaml.snakeyaml.composer.Composer.composeNode(Composer.java:186)
	at org.yaml.snakeyaml.composer.Composer.composeSequenceNode(Composer.java:245)
	at org.yaml.snakeyaml.composer.Composer.composeNode(Composer.java:186)
	at org.yaml.snakeyaml.composer.Composer.composeSequenceNode(Composer.java:245)
	at org.yaml.snakeyaml.composer.Composer.composeNode(Composer.java:186)
	at org.yaml.snakeyaml.composer.Composer.composeSequenceNode(Composer.java:245)
	at org.yaml.snakeyaml.composer.Composer.composeNode(Composer.java:186)
	at org.yaml.snakeyaml.composer.Composer.composeSequenceNode(Composer.java:245)
	at org.yaml.snakeyaml.composer.Composer.composeNode(Composer.java:186)
	at org.yaml.snakeyaml.composer.Composer.composeSequenceNode(Composer.java:245)
	at org.yaml.snakeyaml.composer.Composer.composeNode(Composer.java:186)
	at org.yaml.snakeyaml.composer.Composer.composeSequenceNode(Composer.java:245)
	at org.yaml.snakeyaml.composer.Composer.composeNode(Composer.java:186)
	at org.yaml.snakeyaml.composer.Composer.composeSequenceNode(Composer.java:245)
	at org.yaml.snakeyaml.composer.Composer.composeNode(Composer.java:186)
	at org.yaml.snakeyaml.composer.Composer.composeSequenceNode(Composer.java:245)
	at org.yaml.snakeyaml.composer.Composer.composeNode(Composer.java:186)
	at org.yaml.snakeyaml.composer.Composer.composeSequenceNode(Composer.java:245)
	at org.yaml.snakeyaml.composer.Composer.composeNode(Composer.java:186)
	at org.yaml.snakeyaml.composer.Composer.composeSequenceNode(Composer.java:245)
	at org.yaml.snakeyaml.composer.Composer.composeNode(Composer.java:186)
	at org.yaml.snakeyaml.composer.Composer.composeSequenceNode(Composer.java:245)
	at org.yaml.snakeyaml.composer.Composer.composeNode(Composer.java:186)
	at org.yaml.snakeyaml.composer.Composer.composeSequenceNode(Composer.java:245)
	at org.yaml.snakeyaml.composer.Composer.composeNode(Composer.java:186)
	at org.yaml.snakeyaml.composer.Composer.composeSequenceNode(Composer.java:245)
	at org.yaml.snakeyaml.composer.Composer.composeNode(Composer.java:186)
	at org.yaml.snakeyaml.composer.Composer.composeSequenceNode(Composer.java:245)
	at org.yaml.snakeyaml.composer.Composer.composeNode(Composer.java:186)
	at org.yaml.snakeyaml.composer.Composer.composeSequenceNode(Composer.java:245)
	at org.yaml.snakeyaml.composer.Composer.composeNode(Composer.java:186)
	at org.yaml.snakeyaml.composer.Composer.composeSequenceNode(Composer.java:245)
	at org.yaml.snakeyaml.composer.Composer.composeNode(Composer.java:186)
	at org.yaml.snakeyaml.composer.Composer.composeSequenceNode(Composer.java:245)
	at org.yaml.snakeyaml.composer.Composer.composeNode(Composer.java:186)
	at org.yaml.snakeyaml.composer.Composer.composeSequenceNode(Composer.java:245)
	at org.yaml.snakeyaml.composer.Composer.composeNode(Composer.java:186)
	at org.yaml.snakeyaml.composer.Composer.composeSequenceNode(Composer.java:245)
	at org.yaml.snakeyaml.composer.Composer.composeNode(Composer.java:186)
	at org.yaml.snakeyaml.composer.Composer.composeSequenceNode(Composer.java:245)
	at org.yaml.snakeyaml.composer.Composer.composeNode(Composer.java:186)
	at org.yaml.snakeyaml.composer.Composer.composeSequenceNode(Composer.java:245)
	at org.yaml.snakeyaml.composer.Composer.composeNode(Composer.java:186)
	at org.yaml.snakeyaml.composer.Composer.composeSequenceNode(Composer.java:245)
	at org.yaml.snakeyaml.composer.Composer.composeNode(Composer.java:186)
	at org.yaml.snakeyaml.composer.Composer.composeSequenceNode(Composer.java:245)
	at org.yaml.snakeyaml.composer.Composer.composeNode(Composer.java:186)
	at org.yaml.snakeyaml.composer.Composer.composeSequenceNode(Composer.java:245)
	at org.yaml.snakeyaml.composer.Composer.composeNode(Composer.java:186)
	at org.yaml.snakeyaml.composer.Composer.composeSequenceNode(Composer.java:245)
	at org.yaml.snakeyaml.composer.Composer.composeNode(Composer.java:186)
	at org.yaml.snakeyaml.composer.Composer.composeSequenceNode(Composer.java:245)
	at org.yaml.snakeyaml.composer.Composer.composeNode(Composer.java:186)
	at org.yaml.snakeyaml.composer.Composer.composeSequenceNode(Composer.java:245)
	at org.yaml.snakeyaml.composer.Composer.composeNode(Composer.java:186)
	at org.yaml.snakeyaml.composer.Composer.composeSequenceNode(Composer.java:245)
	at org.yaml.snakeyaml.composer.Composer.composeNode(Composer.java:186)
	at org.yaml.snakeyaml.composer.Composer.composeSequenceNode(Composer.java:245)
	at org.yaml.snakeyaml.composer.Composer.composeNode(Composer.java:186)
	at org.yaml.snakeyaml.composer.Composer.composeSequenceNode(Composer.java:245)
	at org.yaml.snakeyaml.composer.Composer.composeNode(Composer.java:186)
	at org.yaml.snakeyaml.composer.Composer.composeSequenceNode(Composer.java:245)
	at org.yaml.snakeyaml.composer.Composer.composeNode(Composer.java:186)
	at org.yaml.snakeyaml.composer.Composer.composeSequenceNode(Composer.java:245)
	at org.yaml.snakeyaml.composer.Composer.composeNode(Composer.java:186)
	at org.yaml.snakeyaml.composer.Composer.composeSequenceNode(Composer.java:245)
	at org.yaml.snakeyaml.composer.Composer.composeNode(Composer.java:186)
	at org.yaml.snakeyaml.composer.Composer.composeSequenceNode(Composer.java:245)
	at org.yaml.snakeyaml.composer.Composer.composeNode(Composer.java:186)
	at org.yaml.snakeyaml.composer.Composer.composeSequenceNode(Composer.java:245)
	at org.yaml.snakeyaml.composer.Composer.composeNode(Composer.java:186)
	at org.yaml.snakeyaml.composer.Composer.composeSequenceNode(Composer.java:245)
	at org.yaml.snakeyaml.composer.Composer.composeNode(Composer.java:186)
	at org.yaml.snakeyaml.composer.Composer.composeSequenceNode(Composer.java:245)
	at org.yaml.snakeyaml.composer.Composer.composeNode(Composer.java:186)
	at org.yaml.snakeyaml.composer.Composer.composeSequenceNode(Composer.java:245)
	at org.yaml.snakeyaml.composer.Composer.composeNode(Composer.java:186)
	at org.yaml.snakeyaml.composer.Composer.composeSequenceNode(Composer.java:245)
	at org.yaml.snakeyaml.composer.Composer.composeNode(Composer.java:186)
	at org.yaml.snakeyaml.composer.Composer.composeSequenceNode(Composer.java:245)
	at org.yaml.snakeyaml.composer.Composer.composeNode(Composer.java:186)
	at org.yaml.snakeyaml.composer.Composer.composeSequenceNode(Composer.java:245)
	at org.yaml.snakeyaml.composer.Composer.composeNode(Composer.java:186)
	at org.yaml.snakeyaml.composer.Composer.composeSequenceNode(Composer.java:245)
	at org.yaml.snakeyaml.composer.Composer.composeNode(Composer.java:186)
	at org.yaml.snakeyaml.composer.Composer.composeSequenceNode(Composer.java:245)
	at org.yaml.snakeyaml.composer.Composer.composeNode(Composer.java:186)
	at org.yaml.snakeyaml.composer.Composer.composeSequenceNode(Composer.java:245)
	at org.yaml.snakeyaml.composer.Composer.composeNode(Composer.java:186)
	at org.yaml.snakeyaml.composer.Composer.composeSequenceNode(Composer.java:245)
	at org.yaml.snakeyaml.composer.Composer.composeNode(Composer.java:186)
	at org.yaml.snakeyaml.composer.Composer.composeSequenceNode(Composer.java:245)
	at org.yaml.snakeyaml.composer.Composer.composeNode(Composer.java:186)
	at org.yaml.snakeyaml.composer.Composer.composeSequenceNode(Composer.java:245)
	at org.yaml.snakeyaml.composer.Composer.composeNode(Composer.java:186)
	at org.yaml.snakeyaml.composer.Composer.composeSequenceNode(Composer.java:245)
	at org.yaml.snakeyaml.composer.Composer.composeNode(Composer.java:186)
	at org.yaml.snakeyaml.composer.Composer.composeSequenceNode(Composer.java:245)
	at org.yaml.snakeyaml.composer.Composer.composeNode(Composer.java:186)
	at org.yaml.snakeyaml.composer.Composer.composeSequenceNode(Composer.java:245)
	at org.yaml.snakeyaml.composer.Composer.composeNode(Composer.java:186)
	at org.yaml.snakeyaml.composer.Composer.composeSequenceNode(Composer.java:245)
	at org.yaml.snakeyaml.composer.Composer.composeNode(Composer.java:186)
	at org.yaml.snakeyaml.composer.Composer.composeSequenceNode(Composer.java:245)
	at org.yaml.snakeyaml.composer.Composer.composeNode(Composer.java:186)
	at org.yaml.snakeyaml.composer.Composer.composeSequenceNode(Composer.java:245)
	at org.yaml.snakeyaml.composer.Composer.composeNode(Composer.java:186)
	at org.yaml.snakeyaml.composer.Composer.composeSequenceNode(Composer.java:245)
	at org.yaml.snakeyaml.composer.Composer.composeNode(Composer.java:186)
	at org.yaml.snakeyaml.composer.Composer.composeSequenceNode(Composer.java:245)
	at org.yaml.snakeyaml.composer.Composer.composeNode(Composer.java:186)
	at org.yaml.snakeyaml.composer.Composer.composeSequenceNode(Composer.java:245)
	at org.yaml.snakeyaml.composer.Composer.composeNode(Composer.java:186)
	at org.yaml.snakeyaml.composer.Composer.composeSequenceNode(Composer.java:245)
	at org.yaml.snakeyaml.composer.Composer.composeNode(Composer.java:186)
	at org.yaml.snakeyaml.composer.Composer.composeSequenceNode(Composer.java:245)
	at org.yaml.snakeyaml.composer.Composer.composeNode(Composer.java:186)
	at org.yaml.snakeyaml.composer.Composer.composeSequenceNode(Composer.java:245)
	at org.yaml.snakeyaml.composer.Composer.composeNode(Composer.java:186)
	at org.yaml.snakeyaml.composer.Composer.composeSequenceNode(Composer.java:245)
	at org.yaml.snakeyaml.composer.Composer.composeNode(Composer.java:186)
	at org.yaml.snakeyaml.composer.Composer.composeSequenceNode(Composer.java:245)
	at org.yaml.snakeyaml.composer.Composer.composeNode(Composer.java:186)
	at org.yaml.snakeyaml.composer.Composer.composeSequenceNode(Composer.java:245)
	at org.yaml.snakeyaml.composer.Composer.composeNode(Composer.java:186)
	at org.yaml.snakeyaml.composer.Composer.composeSequenceNode(Composer.java:245)
	at org.yaml.snakeyaml.composer.Composer.composeNode(Composer.java:186)
	at org.yaml.snakeyaml.composer.Composer.composeSequenceNode(Composer.java:245)
	at org.yaml.snakeyaml.composer.Composer.composeNode(Composer.java:186)
	at org.yaml.snakeyaml.composer.Composer.composeSequenceNode(Composer.java:245)
	at org.yaml.snakeyaml.composer.Composer.composeNode(Composer.java:186)
	at org.yaml.snakeyaml.composer.Composer.composeSequenceNode(Composer.java:245)
	at org.yaml.snakeyaml.composer.Composer.composeNode(Composer.java:186)
	at org.yaml.snakeyaml.composer.Composer.composeSequenceNode(Composer.java:245)
	at org.yaml.snakeyaml.composer.Composer.composeNode(Composer.java:186)
	at org.yaml.snakeyaml.composer.Composer.composeSequenceNode(Composer.java:245)
	at org.yaml.snakeyaml.composer.Composer.composeNode(Composer.java:186)
	at org.yaml.snakeyaml.composer.Composer.composeSequenceNode(Composer.java:245)
	at org.yaml.snakeyaml.composer.Composer.composeNode(Composer.java:186)
	at org.yaml.snakeyaml.composer.Composer.composeSequenceNode(Composer.java:245)
	at org.yaml.snakeyaml.composer.Composer.composeNode(Composer.java:186)
	at org.yaml.snakeyaml.composer.Composer.composeSequenceNode(Composer.java:245)
	at org.yaml.snakeyaml.composer.Composer.composeNode(Composer.java:186)
	at org.yaml.snakeyaml.composer.Composer.composeSequenceNode(Composer.java:245)
	at org.yaml.snakeyaml.composer.Composer.composeNode(Composer.java:186)
	at org.yaml.snakeyaml.composer.Composer.composeSequenceNode(Composer.java:245)
	at org.yaml.snakeyaml.composer.Composer.composeNode(Composer.java:186)
	at org.yaml.snakeyaml.composer.Composer.composeSequenceNode(Composer.java:245)
	at org.yaml.snakeyaml.composer.Composer.composeNode(Composer.java:186)
	at org.yaml.snakeyaml.composer.Composer.composeSequenceNode(Composer.java:245)
	at org.yaml.snakeyaml.composer.Composer.composeNode(Composer.java:186)
	at org.yaml.snakeyaml.composer.Composer.composeSequenceNode(Composer.java:245)
	at org.yaml.snakeyaml.composer.Composer.composeNode(Composer.java:186)
	at org.yaml.snakeyaml.composer.Composer.composeSequenceNode(Composer.java:245)
	at org.yaml.snakeyaml.composer.Composer.composeNode(Composer.java:186)
	at org.yaml.snakeyaml.composer.Composer.composeSequenceNode(Composer.java:245)
	at org.yaml.snakeyaml.composer.Composer.composeNode(Composer.java:186)
	at org.yaml.snakeyaml.composer.Composer.composeSequenceNode(Composer.java:245)
	at org.yaml.snakeyaml.composer.Composer.composeNode(Composer.java:186)
	at org.yaml.snakeyaml.composer.Composer.composeSequenceNode(Composer.java:245)
	at org.yaml.snakeyaml.composer.Composer.composeNode(Composer.java:186)
	at org.yaml.snakeyaml.composer.Composer.composeSequenceNode(Composer.java:245)
	at org.yaml.snakeyaml.composer.Composer.composeNode(Composer.java:186)
	at org.yaml.snakeyaml.composer.Composer.composeSequenceNode(Composer.java:245)
	at org.yaml.snakeyaml.composer.Composer.composeNode(Composer.java:186)
	at org.yaml.snakeyaml.composer.Composer.composeSequenceNode(Composer.java:245)
	at org.yaml.snakeyaml.composer.Composer.composeNode(Composer.java:186)
	at org.yaml.snakeyaml.composer.Composer.composeSequenceNode(Composer.java:245)
	at org.yaml.snakeyaml.composer.Composer.composeNode(Composer.java:186)
	at org.yaml.snakeyaml.composer.Composer.composeSequenceNode(Composer.java:245)
	at org.yaml.snakeyaml.composer.Composer.composeNode(Composer.java:186)
	at org.yaml.snakeyaml.composer.Composer.composeSequenceNode(Composer.java:245)
	at org.yaml.snakeyaml.composer.Composer.composeNode(Composer.java:186)
	at org.yaml.snakeyaml.composer.Composer.composeSequenceNode(Composer.java:245)
	at org.yaml.snakeyaml.composer.Composer.composeNode(Composer.java:186)
	at org.yaml.snakeyaml.composer.Composer.composeSequenceNode(Composer.java:245)
	at org.yaml.snakeyaml.composer.Composer.composeNode(Composer.java:186)
	at org.yaml.snakeyaml.composer.Composer.composeSequenceNode(Composer.java:245)
	at org.yaml.snakeyaml.composer.Composer.composeNode(Composer.java:186)
	at org.yaml.snakeyaml.composer.Composer.composeSequenceNode(Composer.java:245)
	at org.yaml.snakeyaml.composer.Composer.composeNode(Composer.java:186)
	at org.yaml.snakeyaml.composer.Composer.composeSequenceNode(Composer.java:245)
	at org.yaml.snakeyaml.composer.Composer.composeNode(Composer.java:186)
	at org.yaml.snakeyaml.composer.Composer.composeSequenceNode(Composer.java:245)
	at org.yaml.snakeyaml.composer.Composer.composeNode(Composer.java:186)
	at org.yaml.snakeyaml.composer.Composer.composeSequenceNode(Composer.java:245)
	at org.yaml.snakeyaml.composer.Composer.composeNode(Composer.java:186)
	at org.yaml.snakeyaml.composer.Composer.composeSequenceNode(Composer.java:245)
	at org.yaml.snakeyaml.composer.Composer.composeNode(Composer.java:186)
	at org.yaml.snakeyaml.composer.Composer.composeSequenceNode(Composer.java:245)
	at org.yaml.snakeyaml.composer.Composer.composeNode(Composer.java:186)
	at org.yaml.snakeyaml.composer.Composer.composeSequenceNode(Composer.java:245)
	at org.yaml.snakeyaml.composer.Composer.composeNode(Composer.java:186)
	at org.yaml.snakeyaml.composer.Composer.composeSequenceNode(Composer.java:245)
	at org.yaml.snakeyaml.composer.Composer.composeNode(Composer.java:186)
	at org.yaml.snakeyaml.composer.Composer.composeSequenceNode(Composer.java:245)
	at org.yaml.snakeyaml.composer.Composer.composeNode(Composer.java:186)
	at org.yaml.snakeyaml.composer.Composer.composeSequenceNode(Composer.java:245)
	at org.yaml.snakeyaml.composer.Composer.composeNode(Composer.java:186)
	at org.yaml.snakeyaml.composer.Composer.composeSequenceNode(Composer.java:245)
	at org.yaml.snakeyaml.composer.Composer.composeNode(Composer.java:186)
	at org.yaml.snakeyaml.composer.Composer.composeSequenceNode(Composer.java:245)
	at org.yaml.snakeyaml.composer.Composer.composeNode(Composer.java:186)
	at org.yaml.snakeyaml.composer.Composer.composeSequenceNode(Composer.java:245)
	at org.yaml.snakeyaml.composer.Composer.composeNode(Composer.java:186)
	at org.yaml.snakeyaml.composer.Composer.composeSequenceNode(Composer.java:245)
	at org.yaml.snakeyaml.composer.Composer.composeNode(Composer.java:186)
	at org.yaml.snakeyaml.composer.Composer.composeSequenceNode(Composer.java:245)
	at org.yaml.snakeyaml.composer.Composer.composeNode(Composer.java:186)
	at org.yaml.snakeyaml.composer.Composer.composeSequenceNode(Composer.java:245)
	at org.yaml.snakeyaml.composer.Composer.composeNode(Composer.java:186)
	at org.yaml.snakeyaml.composer.Composer.composeSequenceNode(Composer.java:245)
	at org.yaml.snakeyaml.composer.Composer.composeNode(Composer.java:186)
	at org.yaml.snakeyaml.composer.Composer.composeSequenceNode(Composer.java:245)
	at org.yaml.snakeyaml.composer.Composer.composeNode(Composer.java:186)
	at org.yaml.snakeyaml.composer.Composer.composeSequenceNode(Composer.java:245)
	at org.yaml.snakeyaml.composer.Composer.composeNode(Composer.java:186)
	at org.yaml.snakeyaml.composer.Composer.composeSequenceNode(Composer.java:245)
	at org.yaml.snakeyaml.composer.Composer.composeNode(Composer.java:186)
	at org.yaml.snakeyaml.composer.Composer.composeSequenceNode(Composer.java:245)
	at org.yaml.snakeyaml.composer.Composer.composeNode(Composer.java:186)
	at org.yaml.snakeyaml.composer.Composer.composeSequenceNode(Composer.java:245)
	at org.yaml.snakeyaml.composer.Composer.composeNode(Composer.java:186)
	at org.yaml.snakeyaml.composer.Composer.composeSequenceNode(Composer.java:245)
	at org.yaml.snakeyaml.composer.Composer.composeNode(Composer.java:186)
	at org.yaml.snakeyaml.composer.Composer.composeSequenceNode(Composer.java:245)
	at org.yaml.snakeyaml.composer.Composer.composeNode(Composer.java:186)
	at org.yaml.snakeyaml.composer.Composer.composeSequenceNode(Composer.java:245)
	at org.yaml.snakeyaml.composer.Composer.composeNode(Composer.java:186)
	at org.yaml.snakeyaml.composer.Composer.composeSequenceNode(Composer.java:245)
	at org.yaml.snakeyaml.composer.Composer.composeNode(Composer.java:186)
	at org.yaml.snakeyaml.composer.Composer.composeSequenceNode(Composer.java:245)
	at org.yaml.snakeyaml.composer.Composer.composeNode(Composer.java:186)
	at org.yaml.snakeyaml.composer.Composer.composeSequenceNode(Composer.java:245)
	at org.yaml.snakeyaml.composer.Composer.composeNode(Composer.java:186)
	at org.yaml.snakeyaml.composer.Composer.composeSequenceNode(Composer.java:245)
	at org.yaml.snakeyaml.composer.Composer.composeNode(Composer.java:186)
	at org.yaml.snakeyaml.composer.Composer.composeSequenceNode(Composer.java:245)
	at org.yaml.snakeyaml.composer.Composer.composeNode(Composer.java:186)
	at org.yaml.snakeyaml.composer.Composer.composeSequenceNode(Composer.java:245)
	at org.yaml.snakeyaml.composer.Composer.composeNode(Composer.java:186)
	at org.yaml.snakeyaml.composer.Composer.composeSequenceNode(Composer.java:245)
	at org.yaml.snakeyaml.composer.Composer.composeNode(Composer.java:186)
	at org.yaml.snakeyaml.composer.Composer.composeSequenceNode(Composer.java:245)
	at org.yaml.snakeyaml.composer.Composer.composeNode(Composer.java:186)
	at org.yaml.snakeyaml.composer.Composer.composeSequenceNode(Composer.java:245)
	at org.yaml.snakeyaml.composer.Composer.composeNode(Composer.java:186)
	at org.yaml.snakeyaml.composer.Composer.composeSequenceNode(Composer.java:245)
	at org.yaml.snakeyaml.composer.Composer.composeNode(Composer.java:186)
	at org.yaml.snakeyaml.composer.Composer.composeSequenceNode(Composer.java:245)
	at org.yaml.snakeyaml.composer.Composer.composeNode(Composer.java:186)
	at org.yaml.snakeyaml.composer.Composer.composeSequenceNode(Composer.java:245)
	at org.yaml.snakeyaml.composer.Composer.composeNode(Composer.java:186)
	at org.yaml.snakeyaml.composer.Composer.composeSequenceNode(Composer.java:245)
	at org.yaml.snakeyaml.composer.Composer.composeNode(Composer.java:186)
	at org.yaml.snakeyaml.composer.Composer.composeSequenceNode(Composer.java:245)
	at org.yaml.snakeyaml.composer.Composer.composeNode(Composer.java:186)
	at org.yaml.snakeyaml.composer.Composer.composeSequenceNode(Composer.java:245)
	at org.yaml.snakeyaml.composer.Composer.composeNode(Composer.java:186)
	at org.yaml.snakeyaml.composer.Composer.composeSequenceNode(Composer.java:245)
	at org.yaml.snakeyaml.composer.Composer.composeNode(Composer.java:186)
	at org.yaml.snakeyaml.composer.Composer.composeSequenceNode(Composer.java:245)
	at org.yaml.snakeyaml.composer.Composer.composeNode(Composer.java:186)
	at org.yaml.snakeyaml.composer.Composer.composeSequenceNode(Composer.java:245)
	at org.yaml.snakeyaml.composer.Composer.composeNode(Composer.java:186)
	at org.yaml.snakeyaml.composer.Composer.composeSequenceNode(Composer.java:245)
	at org.yaml.snakeyaml.composer.Composer.composeNode(Composer.java:186)
	at org.yaml.snakeyaml.composer.Composer.composeSequenceNode(Composer.java:245)
	at org.yaml.snakeyaml.composer.Composer.composeNode(Composer.java:186)
	at org.yaml.snakeyaml.composer.Composer.composeSequenceNode(Composer.java:245)
	at org.yaml.snakeyaml.composer.Composer.composeNode(Composer.java:186)
	at org.yaml.snakeyaml.composer.Composer.composeSequenceNode(Composer.java:245)
	at org.yaml.snakeyaml.composer.Composer.composeNode(Composer.java:186)
	at org.yaml.snakeyaml.composer.Composer.composeSequenceNode(Composer.java:245)
	at org.yaml.snakeyaml.composer.Composer.composeNode(Composer.java:186)
	at org.yaml.snakeyaml.composer.Composer.composeSequenceNode(Composer.java:245)
	at org.yaml.snakeyaml.composer.Composer.composeNode(Composer.java:186)
	at org.yaml.snakeyaml.composer.Composer.composeSequenceNode(Composer.java:245)
	at org.yaml.snakeyaml.composer.Composer.composeNode(Composer.java:186)
	at org.yaml.snakeyaml.composer.Composer.composeSequenceNode(Composer.java:245)
	at org.yaml.snakeyaml.composer.Composer.composeNode(Composer.java:186)
	at org.yaml.snakeyaml.composer.Composer.composeSequenceNode(Composer.java:245)
	at org.yaml.snakeyaml.composer.Composer.composeNode(Composer.java:186)
	at org.yaml.snakeyaml.composer.Composer.composeSequenceNode(Composer.java:245)
	at org.yaml.snakeyaml.composer.Composer.composeNode(Composer.java:186)
	at org.yaml.snakeyaml.composer.Composer.composeSequenceNode(Composer.java:245)
	at org.yaml.snakeyaml.composer.Composer.composeNode(Composer.java:186)
	at org.yaml.snakeyaml.composer.Composer.composeSequenceNode(Composer.java:245)
	at org.yaml.snakeyaml.composer.Composer.composeNode(Composer.java:186)
	at org.yaml.snakeyaml.composer.Composer.composeSequenceNode(Composer.java:245)
	at org.yaml.snakeyaml.composer.Composer.composeNode(Composer.java:186)
	at org.yaml.snakeyaml.composer.Composer.composeSequenceNode(Composer.java:245)
	at org.yaml.snakeyaml.composer.Composer.composeNode(Composer.java:186)
	at org.yaml.snakeyaml.composer.Composer.composeSequenceNode(Composer.java:245)
	at org.yaml.snakeyaml.composer.Composer.composeNode(Composer.java:186)
	at org.yaml.snakeyaml.composer.Composer.composeSequenceNode(Composer.java:245)
	at org.yaml.snakeyaml.composer.Composer.composeNode(Composer.java:186)
	at org.yaml.snakeyaml.composer.Composer.composeSequenceNode(Composer.java:245)
	at org.yaml.snakeyaml.composer.Composer.composeNode(Composer.java:186)
	at org.yaml.snakeyaml.composer.Composer.composeSequenceNode(Composer.java:245)
	at org.yaml.snakeyaml.composer.Composer.composeNode(Composer.java:186)
	at org.yaml.snakeyaml.composer.Composer.composeSequenceNode(Composer.java:245)
	at org.yaml.snakeyaml.composer.Composer.composeNode(Composer.java:186)
	at org.yaml.snakeyaml.composer.Composer.composeSequenceNode(Composer.java:245)
	at org.yaml.snakeyaml.composer.Composer.composeNode(Composer.java:186)
	at org.yaml.snakeyaml.composer.Composer.composeSequenceNode(Composer.java:245)
	at org.yaml.snakeyaml.composer.Composer.composeNode(Composer.java:186)
	at org.yaml.snakeyaml.composer.Composer.composeSequenceNode(Composer.java:245)
	at org.yaml.snakeyaml.composer.Composer.composeNode(Composer.java:186)
	at org.yaml.snakeyaml.composer.Composer.composeSequenceNode(Composer.java:245)
	at org.yaml.snakeyaml.composer.Composer.composeNode(Composer.java:186)
	at org.yaml.snakeyaml.composer.Composer.composeSequenceNode(Composer.java:245)
	at org.yaml.snakeyaml.composer.Composer.composeNode(Composer.java:186)
	at org.yaml.snakeyaml.composer.Composer.composeSequenceNode(Composer.java:245)
	at org.yaml.snakeyaml.composer.Composer.composeNode(Composer.java:186)
	at org.yaml.snakeyaml.composer.Composer.composeSequenceNode(Composer.java:245)
	at org.yaml.snakeyaml.composer.Composer.composeNode(Composer.java:186)
	at org.yaml.snakeyaml.composer.Composer.composeSequenceNode(Composer.java:245)
	at org.yaml.snakeyaml.composer.Composer.composeNode(Composer.java:186)
	at org.yaml.snakeyaml.composer.Composer.composeSequenceNode(Composer.java:245)
	at org.yaml.snakeyaml.composer.Composer.composeNode(Composer.java:186)
	at org.yaml.snakeyaml.composer.Composer.composeSequenceNode(Composer.java:245)
	at org.yaml.snakeyaml.composer.Composer.composeNode(Composer.java:186)
	at org.yaml.snakeyaml.composer.Composer.composeSequenceNode(Composer.java:245)
	at org.yaml.snakeyaml.composer.Composer.composeNode(Composer.java:186)
	at org.yaml.snakeyaml.composer.Composer.composeSequenceNode(Composer.java:245)
	at org.yaml.snakeyaml.composer.Composer.composeNode(Composer.java:186)
	at org.yaml.snakeyaml.composer.Composer.composeSequenceNode(Composer.java:245)
	at org.yaml.snakeyaml.composer.Composer.composeNode(Composer.java:186)
	at org.yaml.snakeyaml.composer.Composer.composeSequenceNode(Composer.java:245)
	at org.yaml.snakeyaml.composer.Composer.composeNode(Composer.java:186)
	at org.yaml.snakeyaml.composer.Composer.composeSequenceNode(Composer.java:245)
	at org.yaml.snakeyaml.composer.Composer.composeNode(Composer.java:186)
	at org.yaml.snakeyaml.composer.Composer.composeSequenceNode(Composer.java:245)
	at org.yaml.snakeyaml.composer.Composer.composeNode(Composer.java:186)
	at org.yaml.snakeyaml.composer.Composer.composeSequenceNode(Composer.java:245)
	at org.yaml.snakeyaml.composer.Composer.composeNode(Composer.java:186)
	at org.yaml.snakeyaml.composer.Composer.composeSequenceNode(Composer.java:245)
	at org.yaml.snakeyaml.composer.Composer.composeNode(Composer.java:186)
	at org.yaml.snakeyaml.composer.Composer.composeSequenceNode(Composer.java:245)
	at org.yaml.snakeyaml.composer.Composer.composeNode(Composer.java:186)
	at org.yaml.snakeyaml.composer.Composer.composeSequenceNode(Composer.java:245)
	at org.yaml.snakeyaml.composer.Composer.composeNode(Composer.java:186)
	at org.yaml.snakeyaml.composer.Composer.composeSequenceNode(Composer.java:245)
	at org.yaml.snakeyaml.composer.Composer.composeNode(Composer.java:186)
	at org.yaml.snakeyaml.composer.Composer.composeSequenceNode(Composer.java:245)
	at org.yaml.snakeyaml.composer.Composer.composeNode(Composer.java:186)
	at org.yaml.snakeyaml.composer.Composer.composeSequenceNode(Composer.java:245)
	at org.yaml.snakeyaml.composer.Composer.composeNode(Composer.java:186)
	at org.yaml.snakeyaml.composer.Composer.composeSequenceNode(Composer.java:245)
	at org.yaml.snakeyaml.composer.Composer.composeNode(Composer.java:186)
	at org.yaml.snakeyaml.composer.Composer.composeSequenceNode(Composer.java:245)
	at org.yaml.snakeyaml.composer.Composer.composeNode(Composer.java:186)
	at org.yaml.snakeyaml.composer.Composer.composeSequenceNode(Composer.java:245)
	at org.yaml.snakeyaml.composer.Composer.composeNode(Composer.java:186)
	at org.yaml.snakeyaml.composer.Composer.composeSequenceNode(Composer.java:245)
	at org.yaml.snakeyaml.composer.Composer.composeNode(Composer.java:186)
	at org.yaml.snakeyaml.composer.Composer.composeSequenceNode(Composer.java:245)
	at org.yaml.snakeyaml.composer.Composer.composeNode(Composer.java:186)
	at org.yaml.snakeyaml.composer.Composer.composeSequenceNode(Composer.java:245)
	at org.yaml.snakeyaml.composer.Composer.composeNode(Composer.java:186)
	at org.yaml.snakeyaml.composer.Composer.composeSequenceNode(Composer.java:245)
	at org.yaml.snakeyaml.composer.Composer.composeNode(Composer.java:186)
	at org.yaml.snakeyaml.composer.Composer.composeSequenceNode(Composer.java:245)
	at org.yaml.snakeyaml.composer.Composer.composeNode(Composer.java:186)
	at org.yaml.snakeyaml.composer.Composer.composeSequenceNode(Composer.java:245)
	at org.yaml.snakeyaml.composer.Composer.composeNode(Composer.java:186)
	at org.yaml.snakeyaml.composer.Composer.composeSequenceNode(Composer.java:245)
	at org.yaml.snakeyaml.composer.Composer.composeNode(Composer.java:186)
	at org.yaml.snakeyaml.composer.Composer.composeSequenceNode(Composer.java:245)
	at org.yaml.snakeyaml.composer.Composer.composeNode(Composer.java:186)
	at org.yaml.snakeyaml.composer.Composer.composeSequenceNode(Composer.java:245)
	at org.yaml.snakeyaml.composer.Composer.composeNode(Composer.java:186)
	at org.yaml.snakeyaml.composer.Composer.composeSequenceNode(Composer.java:245)
	at org.yaml.snakeyaml.composer.Composer.composeNode(Composer.java:186)
	at org.yaml.snakeyaml.composer.Composer.composeSequenceNode(Composer.java:245)
	at org.yaml.snakeyaml.composer.Composer.composeNode(Composer.java:186)
	at org.yaml.snakeyaml.composer.Composer.composeSequenceNode(Composer.java:245)
	at org.yaml.snakeyaml.composer.Composer.composeNode(Composer.java:186)
	at org.yaml.snakeyaml.composer.Composer.composeSequenceNode(Composer.java:245)
	at org.yaml.snakeyaml.composer.Composer.composeNode(Composer.java:186)
	at org.yaml.snakeyaml.composer.Composer.composeSequenceNode(Composer.java:245)
	at org.yaml.snakeyaml.composer.Composer.composeNode(Composer.java:186)
	at org.yaml.snakeyaml.composer.Composer.composeSequenceNode(Composer.java:245)
	at org.yaml.snakeyaml.composer.Composer.composeNode(Composer.java:186)
	at org.yaml.snakeyaml.composer.Composer.composeSequenceNode(Composer.java:245)
	at org.yaml.snakeyaml.composer.Composer.composeNode(Composer.java:186)
	at org.yaml.snakeyaml.composer.Composer.composeSequenceNode(Composer.java:245)
	at org.yaml.snakeyaml.composer.Composer.composeNode(Composer.java:186)
	at org.yaml.snakeyaml.composer.Composer.composeSequenceNode(Composer.java:245)
	at org.yaml.snakeyaml.composer.Composer.composeNode(Composer.java:186)
	at org.yaml.snakeyaml.composer.Composer.composeSequenceNode(Composer.java:245)
	at org.yaml.snakeyaml.composer.Composer.composeNode(Composer.java:186)
	at org.yaml.snakeyaml.composer.Composer.composeSequenceNode(Composer.java:245)
	at org.yaml.snakeyaml.composer.Composer.composeNode(Composer.java:186)
	at org.yaml.snakeyaml.composer.Composer.composeSequenceNode(Composer.java:245)
	at org.yaml.snakeyaml.composer.Composer.composeNode(Composer.java:186)
	at org.yaml.snakeyaml.composer.Composer.composeSequenceNode(Composer.java:245)
	at org.yaml.snakeyaml.composer.Composer.composeNode(Composer.java:186)
	at org.yaml.snakeyaml.composer.Composer.composeSequenceNode(Composer.java:245)
	at org.yaml.snakeyaml.composer.Composer.composeNode(Composer.java:186)
	at org.yaml.snakeyaml.composer.Composer.composeSequenceNode(Composer.java:245)
	at org.yaml.snakeyaml.composer.Composer.composeNode(Composer.java:186)
	at org.yaml.snakeyaml.composer.Composer.composeSequenceNode(Composer.java:245)
	at org.yaml.snakeyaml.composer.Composer.composeNode(Composer.java:186)
	at org.yaml.snakeyaml.composer.Composer.composeSequenceNode(Composer.java:245)
	at org.yaml.snakeyaml.composer.Composer.composeNode(Composer.java:186)
	at org.yaml.snakeyaml.composer.Composer.composeSequenceNode(Composer.java:245)
	at org.yaml.snakeyaml.composer.Composer.composeNode(Composer.java:186)
	at org.yaml.snakeyaml.composer.Composer.composeSequenceNode(Composer.java:245)
	at org.yaml.snakeyaml.composer.Composer.composeNode(Composer.java:186)
	at org.yaml.snakeyaml.composer.Composer.composeSequenceNode(Composer.java:245)
	at org.yaml.snakeyaml.composer.Composer.composeNode(Composer.java:186)
	at org.yaml.snakeyaml.composer.Composer.composeSequenceNode(Composer.java:245)
	at org.yaml.snakeyaml.composer.Composer.composeNode(Composer.java:186)
	at org.yaml.snakeyaml.composer.Composer.composeSequenceNode(Composer.java:245)
	at org.yaml.snakeyaml.composer.Composer.composeNode(Composer.java:186)
	at org.yaml.snakeyaml.composer.Composer.composeSequenceNode(Composer.java:245)
	at org.yaml.snakeyaml.composer.Composer.composeNode(Composer.java:186)
	at org.yaml.snakeyaml.composer.Composer.composeSequenceNode(Composer.java:245)
	at org.yaml.snakeyaml.composer.Composer.composeNode(Composer.java:186)
	at org.yaml.snakeyaml.composer.Composer.composeSequenceNode(Composer.java:245)
	at org.yaml.snakeyaml.composer.Composer.composeNode(Composer.java:186)
	at org.yaml.snakeyaml.composer.Composer.composeSequenceNode(Composer.java:245)
	at org.yaml.snakeyaml.composer.Composer.composeNode(Composer.java:186)
	at org.yaml.snakeyaml.composer.Composer.composeSequenceNode(Composer.java:245)
	at org.yaml.snakeyaml.composer.Composer.composeNode(Composer.java:186)
	at org.yaml.snakeyaml.composer.Composer.composeSequenceNode(Composer.java:245)
	at org.yaml.snakeyaml.composer.Composer.composeNode(Composer.java:186)
	at org.yaml.snakeyaml.composer.Composer.composeSequenceNode(Composer.java:245)
	at org.yaml.snakeyaml.composer.Composer.composeNode(Composer.java:186)
	at org.yaml.snakeyaml.composer.Composer.composeSequenceNode(Composer.java:245)
	at org.yaml.snakeyaml.composer.Composer.composeNode(Composer.java:186)
	at org.yaml.snakeyaml.composer.Composer.composeSequenceNode(Composer.java:245)
	at org.yaml.snakeyaml.composer.Composer.composeNode(Composer.java:186)
	at org.yaml.snakeyaml.composer.Composer.composeSequenceNode(Composer.java:245)
	at org.yaml.snakeyaml.composer.Composer.composeNode(Composer.java:186)
	at org.yaml.snakeyaml.composer.Composer.composeSequenceNode(Composer.java:245)
	at org.yaml.snakeyaml.composer.Composer.composeNode(Composer.java:186)
	at org.yaml.snakeyaml.composer.Composer.composeSequenceNode(Composer.java:245)
	at org.yaml.snakeyaml.composer.Composer.composeNode(Composer.java:186)
	at org.yaml.snakeyaml.composer.Composer.composeSequenceNode(Composer.java:245)
	at org.yaml.snakeyaml.composer.Composer.composeNode(Composer.java:186)
	at org.yaml.snakeyaml.composer.Composer.composeSequenceNode(Composer.java:245)
	at org.yaml.snakeyaml.composer.Composer.composeNode(Composer.java:186)
	at org.yaml.snakeyaml.composer.Composer.composeSequenceNode(Composer.java:245)
	at org.yaml.snakeyaml.composer.Composer.composeNode(Composer.java:186)
	at org.yaml.snakeyaml.composer.Composer.composeSequenceNode(Composer.java:245)
	at org.yaml.snakeyaml.composer.Composer.composeNode(Composer.java:186)
	at org.yaml.snakeyaml.composer.Composer.composeSequenceNode(Composer.java:245)
	at org.yaml.snakeyaml.composer.Composer.composeNode(Composer.java:186)
	at org.yaml.snakeyaml.composer.Composer.composeSequenceNode(Composer.java:245)
	at org.yaml.snakeyaml.composer.Composer.composeNode(Composer.java:186)
	at org.yaml.snakeyaml.composer.Composer.composeSequenceNode(Composer.java:245)
	at org.yaml.snakeyaml.composer.Composer.composeNode(Composer.java:186)
	at org.yaml.snakeyaml.composer.Composer.composeSequenceNode(Composer.java:245)
	at org.yaml.snakeyaml.composer.Composer.composeNode(Composer.java:186)
	at org.yaml.snakeyaml.composer.Composer.composeSequenceNode(Composer.java:245)
	at org.yaml.snakeyaml.composer.Composer.composeNode(Composer.java:186)
	at org.yaml.snakeyaml.composer.Composer.composeSequenceNode(Composer.java:245)
	at org.yaml.snakeyaml.composer.Composer.composeNode(Composer.java:186)
	at org.yaml.snakeyaml.composer.Composer.composeSequenceNode(Composer.java:245)
	at org.yaml.snakeyaml.composer.Composer.composeNode(Composer.java:186)
	at org.yaml.snakeyaml.composer.Composer.composeSequenceNode(Composer.java:245)
	at org.yaml.snakeyaml.composer.Composer.composeNode(Composer.java:186)
	at org.yaml.snakeyaml.composer.Composer.composeSequenceNode(Composer.java:245)
	at org.yaml.snakeyaml.composer.Composer.composeNode(Composer.java:186)
	at org.yaml.snakeyaml.composer.Composer.composeSequenceNode(Composer.java:245)
	at org.yaml.snakeyaml.composer.Composer.composeNode(Composer.java:186)
	at org.yaml.snakeyaml.composer.Composer.composeSequenceNode(Composer.java:245)
	at org.yaml.snakeyaml.composer.Composer.composeNode(Composer.java:186)
	at org.yaml.snakeyaml.composer.Composer.composeSequenceNode(Composer.java:245)
	at org.yaml.snakeyaml.composer.Composer.composeNode(Composer.java:186)
	at org.yaml.snakeyaml.composer.Composer.composeSequenceNode(Composer.java:245)
	at org.yaml.snakeyaml.composer.Composer.composeNode(Composer.java:186)
	at org.yaml.snakeyaml.composer.Composer.composeSequenceNode(Composer.java:245)
	at org.yaml.snakeyaml.composer.Composer.composeNode(Composer.java:186)
	at org.yaml.snakeyaml.composer.Composer.composeSequenceNode(Composer.java:245)
	at org.yaml.snakeyaml.composer.Composer.composeNode(Composer.java:186)
	at org.yaml.snakeyaml.composer.Composer.composeSequenceNode(Composer.java:245)
	at org.yaml.snakeyaml.composer.Composer.composeNode(Composer.java:186)
	at org.yaml.snakeyaml.composer.Composer.composeSequenceNode(Composer.java:245)
	at org.yaml.snakeyaml.composer.Composer.composeNode(Composer.java:186)
	at org.yaml.snakeyaml.composer.Composer.composeSequenceNode(Composer.java:245)
	at org.yaml.snakeyaml.composer.Composer.composeNode(Composer.java:186)
	at org.yaml.snakeyaml.composer.Composer.composeSequenceNode(Composer.java:245)
	at org.yaml.snakeyaml.composer.Composer.composeNode(Composer.java:186)
	at org.yaml.snakeyaml.composer.Composer.composeSequenceNode(Composer.java:245)
	at org.yaml.snakeyaml.composer.Composer.composeNode(Composer.java:186)
	at org.yaml.snakeyaml.composer.Composer.composeSequenceNode(Composer.java:245)
	at org.yaml.snakeyaml.composer.Composer.composeNode(Composer.java:186)
	at org.yaml.snakeyaml.composer.Composer.composeSequenceNode(Composer.java:245)
	at org.yaml.snakeyaml.composer.Composer.composeNode(Composer.java:186)
	at org.yaml.snakeyaml.composer.Composer.composeSequenceNode(Composer.java:245)
	at org.yaml.snakeyaml.composer.Composer.composeNode(Composer.java:186)
	at org.yaml.snakeyaml.composer.Composer.composeSequenceNode(Composer.java:245)
	at org.yaml.snakeyaml.composer.Composer.composeNode(Composer.java:186)
	at org.yaml.snakeyaml.composer.Composer.composeSequenceNode(Composer.java:245)
	at org.yaml.snakeyaml.composer.Composer.composeNode(Composer.java:186)
	at org.yaml.snakeyaml.composer.Composer.composeSequenceNode(Composer.java:245)
	at org.yaml.snakeyaml.composer.Composer.composeNode(Composer.java:186)
	at org.yaml.snakeyaml.composer.Composer.composeSequenceNode(Composer.java:245)
	at org.yaml.snakeyaml.composer.Composer.composeNode(Composer.java:186)
	at org.yaml.snakeyaml.composer.Composer.composeSequenceNode(Composer.java:245)
	at org.yaml.snakeyaml.composer.Composer.composeNode(Composer.java:186)
	at org.yaml.snakeyaml.composer.Composer.composeSequenceNode(Composer.java:245)
	at org.yaml.snakeyaml.composer.Composer.composeNode(Composer.java:186)
	at org.yaml.snakeyaml.composer.Composer.composeSequenceNode(Composer.java:245)
	at org.yaml.snakeyaml.composer.Composer.composeNode(Composer.java:186)
	at org.yaml.snakeyaml.composer.Composer.composeSequenceNode(Composer.java:245)
	at org.yaml.snakeyaml.composer.Composer.composeNode(Composer.java:186)
	at org.yaml.snakeyaml.composer.Composer.composeSequenceNode(Composer.java:245)
	at org.yaml.snakeyaml.composer.Composer.composeNode(Composer.java:186)
	at org.yaml.snakeyaml.composer.Composer.composeSequenceNode(Composer.java:245)
	at org.yaml.snakeyaml.composer.Composer.composeNode(Composer.java:186)
	at org.yaml.snakeyaml.composer.Composer.composeSequenceNode(Composer.java:245)
	at org.yaml.snakeyaml.composer.Composer.composeNode(Composer.java:186)
	at org.yaml.snakeyaml.composer.Composer.composeSequenceNode(Composer.java:245)
	at org.yaml.snakeyaml.composer.Composer.composeNode(Composer.java:186)
	at org.yaml.snakeyaml.composer.Composer.composeSequenceNode(Composer.java:245)
	at org.yaml.snakeyaml.composer.Composer.composeNode(Composer.java:186)
	at org.yaml.snakeyaml.composer.Composer.composeSequenceNode(Composer.java:245)
	at org.yaml.snakeyaml.composer.Composer.composeNode(Composer.java:186)
	at org.yaml.snakeyaml.composer.Composer.composeSequenceNode(Composer.java:245)
	at org.yaml.snakeyaml.composer.Composer.composeNode(Composer.java:186)
	at org.yaml.snakeyaml.composer.Composer.composeSequenceNode(Composer.java:245)
	at org.yaml.snakeyaml.composer.Composer.composeNode(Composer.java:186)
	at org.yaml.snakeyaml.composer.Composer.composeSequenceNode(Composer.java:245)
	at org.yaml.snakeyaml.composer.Composer.composeNode(Composer.java:186)
	at org.yaml.snakeyaml.composer.Composer.composeSequenceNode(Composer.java:245)
	at org.yaml.snakeyaml.composer.Composer.composeNode(Composer.java:186)
	at org.yaml.snakeyaml.composer.Composer.composeSequenceNode(Composer.java:245)
	at org.yaml.snakeyaml.composer.Composer.composeNode(Composer.java:186)
	at org.yaml.snakeyaml.composer.Composer.composeSequenceNode(Composer.java:245)
	at org.yaml.snakeyaml.composer.Composer.composeNode(Composer.java:186)
	at org.yaml.snakeyaml.composer.Composer.composeSequenceNode(Composer.java:245)
	at org.yaml.snakeyaml.composer.Composer.composeNode(Composer.java:186)
	at org.yaml.snakeyaml.composer.Composer.composeSequenceNode(Composer.java:245)
	at org.yaml.snakeyaml.composer.Composer.composeNode(Composer.java:186)
	at org.yaml.snakeyaml.composer.Composer.composeSequenceNode(Composer.java:245)
	at org.yaml.snakeyaml.composer.Composer.composeNode(Composer.java:186)
	at org.yaml.snakeyaml.composer.Composer.composeSequenceNode(Composer.java:245)
	at org.yaml.snakeyaml.composer.Composer.composeNode(Composer.java:186)
	at org.yaml.snakeyaml.composer.Composer.composeSequenceNode(Composer.java:245)
	at org.yaml.snakeyaml.composer.Composer.composeNode(Composer.java:186)
	at org.yaml.snakeyaml.composer.Composer.composeSequenceNode(Composer.java:245)
	at org.yaml.snakeyaml.composer.Composer.composeNode(Composer.java:186)
	at org.yaml.snakeyaml.composer.Composer.composeSequenceNode(Composer.java:245)
	at org.yaml.snakeyaml.composer.Composer.composeNode(Composer.java:186)
	at org.yaml.snakeyaml.composer.Composer.composeSequenceNode(Composer.java:245)
	at org.yaml.snakeyaml.composer.Composer.composeNode(Composer.java:186)
	at org.yaml.snakeyaml.composer.Composer.composeSequenceNode(Composer.java:245)
	at org.yaml.snakeyaml.composer.Composer.composeNode(Composer.java:186)
	at org.yaml.snakeyaml.composer.Composer.composeSequenceNode(Composer.java:245)
	at org.yaml.snakeyaml.composer.Composer.composeNode(Composer.java:186)
	at org.yaml.snakeyaml.composer.Composer.composeSequenceNode(Composer.java:245)
	at org.yaml.snakeyaml.composer.Composer.composeNode(Composer.java:186)
	at org.yaml.snakeyaml.composer.Composer.composeSequenceNode(Composer.java:245)
	at org.yaml.snakeyaml.composer.Composer.composeNode(Composer.java:186)
	at org.yaml.snakeyaml.composer.Composer.composeSequenceNode(Composer.java:245)
	at org.yaml.snakeyaml.composer.Composer.composeNode(Composer.java:186)
	at org.yaml.snakeyaml.composer.Composer.composeSequenceNode(Composer.java:245)
	at org.yaml.snakeyaml.composer.Composer.composeNode(Composer.java:186)
	at org.yaml.snakeyaml.composer.Composer.composeSequenceNode(Composer.java:245)
	at org.yaml.snakeyaml.composer.Composer.composeNode(Composer.java:186)
	at org.yaml.snakeyaml.composer.Composer.composeSequenceNode(Composer.java:245)
	at org.yaml.snakeyaml.composer.Composer.composeNode(Composer.java:186)
	at org.yaml.snakeyaml.composer.Composer.composeSequenceNode(Composer.java:245)
	at org.yaml.snakeyaml.composer.Composer.composeNode(Composer.java:186)
	at org.yaml.snakeyaml.composer.Composer.composeSequenceNode(Composer.java:245)
	at org.yaml.snakeyaml.composer.Composer.composeNode(Composer.java:186)
	at org.yaml.snakeyaml.composer.Composer.composeSequenceNode(Composer.java:245)
	at org.yaml.snakeyaml.composer.Composer.composeNode(Composer.java:186)
	at org.yaml.snakeyaml.composer.Composer.composeSequenceNode(Composer.java:245)
	at org.yaml.snakeyaml.composer.Composer.composeNode(Composer.java:186)
	at org.yaml.snakeyaml.composer.Composer.composeSequenceNode(Composer.java:245)
	at org.yaml.snakeyaml.composer.Composer.composeNode(Composer.java:186)
	at org.yaml.snakeyaml.composer.Composer.composeSequenceNode(Composer.java:245)
	at org.yaml.snakeyaml.composer.Composer.composeNode(Composer.java:186)
	at org.yaml.snakeyaml.composer.Composer.composeSequenceNode(Composer.java:245)
	at org.yaml.snakeyaml.composer.Composer.composeNode(Composer.java:186)
	at org.yaml.snakeyaml.composer.Composer.composeSequenceNode(Composer.java:245)
	at org.yaml.snakeyaml.composer.Composer.composeNode(Composer.java:186)
	at org.yaml.snakeyaml.composer.Composer.composeSequenceNode(Composer.java:245)
	at org.yaml.snakeyaml.composer.Composer.composeNode(Composer.java:186)
	at org.yaml.snakeyaml.composer.Composer.composeSequenceNode(Composer.java:245)
	at org.yaml.snakeyaml.composer.Composer.composeNode(Composer.java:186)
	at org.yaml.snakeyaml.composer.Composer.composeSequenceNode(Composer.java:245)
	at org.yaml.snakeyaml.composer.Composer.composeNode(Composer.java:186)
	at org.yaml.snakeyaml.composer.Composer.composeSequenceNode(Composer.java:245)
	at org.yaml.snakeyaml.composer.Composer.composeNode(Composer.java:186)
	at org.yaml.snakeyaml.composer.Composer.composeSequenceNode(Composer.java:245)
	at org.yaml.snakeyaml.composer.Composer.composeNode(Composer.java:186)
	at org.yaml.snakeyaml.composer.Composer.composeSequenceNode(Composer.java:245)
	at org.yaml.snakeyaml.composer.Composer.composeNode(Composer.java:186)
	at org.yaml.snakeyaml.composer.Composer.composeSequenceNode(Composer.java:245)
	at org.yaml.snakeyaml.composer.Composer.composeNode(Composer.java:186)
	at org.yaml.snakeyaml.composer.Composer.composeSequenceNode(Composer.java:245)
	at org.yaml.snakeyaml.composer.Composer.composeNode(Composer.java:186)
	at org.yaml.snakeyaml.composer.Composer.composeSequenceNode(Composer.java:245)
	at org.yaml.snakeyaml.composer.Composer.composeNode(Composer.java:186)
	at org.yaml.snakeyaml.composer.Composer.composeSequenceNode(Composer.java:245)
	at org.yaml.snakeyaml.composer.Composer.composeNode(Composer.java:186)
	at org.yaml.snakeyaml.composer.Composer.composeSequenceNode(Composer.java:245)
	at org.yaml.snakeyaml.composer.Composer.composeNode(Composer.java:186)
	at org.yaml.snakeyaml.composer.Composer.composeSequenceNode(Composer.java:245)
	at org.yaml.snakeyaml.composer.Composer.composeNode(Composer.java:186)
	at org.yaml.snakeyaml.composer.Composer.composeSequenceNode(Composer.java:245)
	at org.yaml.snakeyaml.composer.Composer.composeNode(Composer.java:186)
	at org.yaml.snakeyaml.composer.Composer.composeSequenceNode(Composer.java:245)
	at org.yaml.snakeyaml.composer.Composer.composeNode(Composer.java:186)
	at org.yaml.snakeyaml.composer.Composer.composeSequenceNode(Composer.java:245)
	at org.yaml.snakeyaml.composer.Composer.composeNode(Composer.java:186)
	at org.yaml.snakeyaml.composer.Composer.composeSequenceNode(Composer.java:245)
	at org.yaml.snakeyaml.composer.Composer.composeNode(Composer.java:186)
	at org.yaml.snakeyaml.composer.Composer.composeSequenceNode(Composer.java:245)
	at org.yaml.snakeyaml.composer.Composer.composeNode(Composer.java:186)
	at org.yaml.snakeyaml.composer.Composer.composeSequenceNode(Composer.java:245)
	at org.yaml.snakeyaml.composer.Composer.composeNode(Composer.java:186)
	at org.yaml.snakeyaml.composer.Composer.composeSequenceNode(Composer.java:245)
	at org.yaml.snakeyaml.composer.Composer.composeNode(Composer.java:186)
	at org.yaml.snakeyaml.composer.Composer.composeSequenceNode(Composer.java:245)
	at org.yaml.snakeyaml.composer.Composer.composeNode(Composer.java:186)
	at org.yaml.snakeyaml.composer.Composer.composeSequenceNode(Composer.java:245)
	at org.yaml.snakeyaml.composer.Composer.composeNode(Composer.java:186)
	at org.yaml.snakeyaml.composer.Composer.composeSequenceNode(Composer.java:245)
	at org.yaml.snakeyaml.composer.Composer.composeNode(Composer.java:186)
	at org.yaml.snakeyaml.composer.Composer.composeSequenceNode(Composer.java:245)
	at org.yaml.snakeyaml.composer.Composer.composeNode(Composer.java:186)
	at org.yaml.snakeyaml.composer.Composer.composeSequenceNode(Composer.java:245)
	at org.yaml.snakeyaml.composer.Composer.composeNode(Composer.java:186)
	at org.yaml.snakeyaml.composer.Composer.composeSequenceNode(Composer.java:245)
	at org.yaml.snakeyaml.composer.Composer.composeNode(Composer.java:186)
	at org.yaml.snakeyaml.composer.Composer.composeSequenceNode(Composer.java:245)
	at org.yaml.snakeyaml.composer.Composer.composeNode(Composer.java:186)
	at org.yaml.snakeyaml.composer.Composer.composeSequenceNode(Composer.java:245)
	at org.yaml.snakeyaml.composer.Composer.composeNode(Composer.java:186)
	at org.yaml.snakeyaml.composer.Composer.composeSequenceNode(Composer.java:245)
	at org.yaml.snakeyaml.composer.Composer.composeNode(Composer.java:186)
	at org.yaml.snakeyaml.composer.Composer.composeSequenceNode(Composer.java:245)
	at org.yaml.snakeyaml.composer.Composer.composeNode(Composer.java:186)
	at org.yaml.snakeyaml.composer.Composer.composeSequenceNode(Composer.java:245)
	at org.yaml.snakeyaml.composer.Composer.composeNode(Composer.java:186)
	at org.yaml.snakeyaml.composer.Composer.composeSequenceNode(Composer.java:245)
	at org.yaml.snakeyaml.composer.Composer.composeNode(Composer.java:186)
	at org.yaml.snakeyaml.composer.Composer.composeSequenceNode(Composer.java:245)
	at org.yaml.snakeyaml.composer.Composer.composeNode(Composer.java:186)
	at org.yaml.snakeyaml.composer.Composer.composeSequenceNode(Composer.java:245)
	at org.yaml.snakeyaml.composer.Composer.composeNode(Composer.java:186)
	at org.yaml.snakeyaml.composer.Composer.composeSequenceNode(Composer.java:245)
	at org.yaml.snakeyaml.composer.Composer.composeNode(Composer.java:186)
	at org.yaml.snakeyaml.composer.Composer.composeSequenceNode(Composer.java:245)
	at org.yaml.snakeyaml.composer.Composer.composeNode(Composer.java:186)
	at org.yaml.snakeyaml.composer.Composer.composeSequenceNode(Composer.java:245)
	at org.yaml.snakeyaml.composer.Composer.composeNode(Composer.java:186)
	at org.yaml.snakeyaml.composer.Composer.composeSequenceNode(Composer.java:245)
	at org.yaml.snakeyaml.composer.Composer.composeNode(Composer.java:186)
	at org.yaml.snakeyaml.composer.Composer.composeSequenceNode(Composer.java:245)
	at org.yaml.snakeyaml.composer.Composer.composeNode(Composer.java:186)
	at org.yaml.snakeyaml.composer.Composer.composeSequenceNode(Composer.java:245)
	at org.yaml.snakeyaml.composer.Composer.composeNode(Composer.java:186)
	at org.yaml.snakeyaml.composer.Composer.composeSequenceNode(Composer.java:245)
	at org.yaml.snakeyaml.composer.Composer.composeNode(Composer.java:186)
	at org.yaml.snakeyaml.composer.Composer.composeSequenceNode(Composer.java:245)
	at org.yaml.snakeyaml.composer.Composer.composeNode(Composer.java:186)
	at org.yaml.snakeyaml.composer.Composer.composeSequenceNode(Composer.java:245)
	at org.yaml.snakeyaml.composer.Composer.composeNode(Composer.java:186)
	at org.yaml.snakeyaml.composer.Composer.composeSequenceNode(Composer.java:245)
	at org.yaml.snakeyaml.composer.Composer.composeNode(Composer.java:186)
	at org.yaml.snakeyaml.composer.Composer.composeSequenceNode(Composer.java:245)
	at org.yaml.snakeyaml.composer.Composer.composeNode(Composer.java:186)
	at org.yaml.snakeyaml.composer.Composer.composeSequenceNode(Composer.java:245)
	at org.yaml.snakeyaml.composer.Composer.composeNode(Composer.java:186)
	at org.yaml.snakeyaml.composer.Composer.composeSequenceNode(Composer.java:245)
	at org.yaml.snakeyaml.composer.Composer.composeNode(Composer.java:186)
	at org.yaml.snakeyaml.composer.Composer.composeSequenceNode(Composer.java:245)
	at org.yaml.snakeyaml.composer.Composer.composeNode(Composer.java:186)
	at org.yaml.snakeyaml.composer.Composer.composeSequenceNode(Composer.java:245)
	at org.yaml.snakeyaml.composer.Composer.composeNode(Composer.java:186)
	at org.yaml.snakeyaml.composer.Composer.composeSequenceNode(Composer.java:245)
	at org.yaml.snakeyaml.composer.Composer.composeNode(Composer.java:186)
	at org.yaml.snakeyaml.composer.Composer.composeSequenceNode(Composer.java:245)
	at org.yaml.snakeyaml.composer.Composer.composeNode(Composer.java:186)
	at org.yaml.snakeyaml.composer.Composer.composeSequenceNode(Composer.java:245)
	at org.yaml.snakeyaml.composer.Composer.composeNode(Composer.java:186)
	at org.yaml.snakeyaml.composer.Composer.composeSequenceNode(Composer.java:245)
	at org.yaml.snakeyaml.composer.Composer.composeNode(Composer.java:186)
	at org.yaml.snakeyaml.composer.Composer.composeSequenceNode(Composer.java:245)
	at org.yaml.snakeyaml.composer.Composer.composeNode(Composer.java:186)
	at org.yaml.snakeyaml.composer.Composer.composeSequenceNode(Composer.java:245)
	at org.yaml.snakeyaml.composer.Composer.composeNode(Composer.java:186)
	at org.yaml.snakeyaml.composer.Composer.composeSequenceNode(Composer.java:245)
	at org.yaml.snakeyaml.composer.Composer.composeNode(Composer.java:186)
	at org.yaml.snakeyaml.composer.Composer.composeSequenceNode(Composer.java:245)
	at org.yaml.snakeyaml.composer.Composer.composeNode(Composer.java:186)
	at org.yaml.snakeyaml.composer.Composer.composeSequenceNode(Composer.java:245)
	at org.yaml.snakeyaml.composer.Composer.composeNode(Composer.java:186)
	at org.yaml.snakeyaml.composer.Composer.composeSequenceNode(Composer.java:245)
	at org.yaml.snakeyaml.composer.Composer.composeNode(Composer.java:186)
	at org.yaml.snakeyaml.composer.Composer.composeSequenceNode(Composer.java:245)
	at org.yaml.snakeyaml.composer.Composer.composeNode(Composer.java:186)
	at org.yaml.snakeyaml.composer.Composer.composeSequenceNode(Composer.java:245)
	at org.yaml.snakeyaml.composer.Composer.composeNode(Composer.java:186)
	at org.yaml.snakeyaml.composer.Composer.composeSequenceNode(Composer.java:245)
	at org.yaml.snakeyaml.composer.Composer.composeNode(Composer.java:186)
	at org.yaml.snakeyaml.composer.Composer.composeSequenceNode(Composer.java:245)
	at org.yaml.snakeyaml.composer.Composer.composeNode(Composer.java:186)
	at org.yaml.snakeyaml.composer.Composer.composeSequenceNode(Composer.java:245)
	at org.yaml.snakeyaml.composer.Composer.composeNode(Composer.java:186)
	at org.yaml.snakeyaml.composer.Composer.composeSequenceNode(Composer.java:245)
	at org.yaml.snakeyaml.composer.Composer.composeNode(Composer.java:186)
	at org.yaml.snakeyaml.composer.Composer.composeSequenceNode(Composer.java:245)
	at org.yaml.snakeyaml.composer.Composer.composeNode(Composer.java:186)
	at org.yaml.snakeyaml.composer.Composer.composeSequenceNode(Composer.java:245)
	at org.yaml.snakeyaml.composer.Composer.composeNode(Composer.java:186)
	at org.yaml.snakeyaml.composer.Composer.composeSequenceNode(Composer.java:245)
	at org.yaml.snakeyaml.composer.Composer.composeNode(Composer.java:186)
	at org.yaml.snakeyaml.composer.Composer.composeSequenceNode(Composer.java:245)
	at org.yaml.snakeyaml.composer.Composer.composeNode(Composer.java:186)
	at org.yaml.snakeyaml.composer.Composer.composeSequenceNode(Composer.java:245)
	at org.yaml.snakeyaml.composer.Composer.composeNode(Composer.java:186)
	at org.yaml.snakeyaml.composer.Composer.composeSequenceNode(Composer.java:245)
	at org.yaml.snakeyaml.composer.Composer.composeNode(Composer.java:186)
	at org.yaml.snakeyaml.composer.Composer.composeSequenceNode(Composer.java:245)
	at org.yaml.snakeyaml.composer.Composer.composeNode(Composer.java:186)
	at org.yaml.snakeyaml.composer.Composer.composeSequenceNode(Composer.java:245)
	at org.yaml.snakeyaml.composer.Composer.composeNode(Composer.java:186)
	at org.yaml.snakeyaml.composer.Composer.composeSequenceNode(Composer.java:245)
	at org.yaml.snakeyaml.composer.Composer.composeNode(Composer.java:186)
	at org.yaml.snakeyaml.composer.Composer.composeSequenceNode(Composer.java:245)
	at org.yaml.snakeyaml.composer.Composer.composeNode(Composer.java:186)
	at org.yaml.snakeyaml.composer.Composer.composeSequenceNode(Composer.java:245)
	at org.yaml.snakeyaml.composer.Composer.composeNode(Composer.java:186)
	at org.yaml.snakeyaml.composer.Composer.composeSequenceNode(Composer.java:245)
	at org.yaml.snakeyaml.composer.Composer.composeNode(Composer.java:186)
	at org.yaml.snakeyaml.composer.Composer.composeSequenceNode(Composer.java:245)
	at org.yaml.snakeyaml.composer.Composer.composeNode(Composer.java:186)
	at org.yaml.snakeyaml.composer.Composer.composeSequenceNode(Composer.java:245)
	at org.yaml.snakeyaml.composer.Composer.composeNode(Composer.java:186)
	at org.yaml.snakeyaml.composer.Composer.composeSequenceNode(Composer.java:245)
	at org.yaml.snakeyaml.composer.Composer.composeNode(Composer.java:186)
[...]
	at org.yaml.snakeyaml.composer.Composer.composeValueNode(Composer.java:314)
	at org.yaml.snakeyaml.composer.Composer.composeMappingChildren(Composer.java:305)
	at org.yaml.snakeyaml.composer.Composer.composeMappingNode(Composer.java:286)
	at org.yaml.snakeyaml.composer.Composer.composeNode(Composer.java:188)
	at org.yaml.snakeyaml.composer.Composer.composeValueNode(Composer.java:314)
	at org.yaml.snakeyaml.composer.Composer.composeMappingChildren(Composer.java:305)
	at org.yaml.snakeyaml.composer.Composer.composeMappingNode(Composer.java:286)
	at org.yaml.snakeyaml.composer.Composer.composeNode(Composer.java:188)
	at org.yaml.snakeyaml.composer.Composer.composeValueNode(Composer.java:314)
	at org.yaml.snakeyaml.composer.Composer.composeMappingChildren(Composer.java:305)
	at org.yaml.snakeyaml.composer.Composer.composeMappingNode(Composer.java:286)
	at org.yaml.snakeyaml.composer.Composer.composeNode(Composer.java:188)
	at org.yaml.snakeyaml.composer.Composer.composeValueNode(Composer.java:314)
	at org.yaml.snakeyaml.composer.Composer.composeMappingChildren(Composer.java:305)
	at org.yaml.snakeyaml.composer.Composer.composeMappingNode(Composer.java:286)
	at org.yaml.snakeyaml.composer.Composer.composeNode(Composer.java:188)
	at org.yaml.snakeyaml.composer.Composer.composeValueNode(Composer.java:314)
	at org.yaml.snakeyaml.composer.Composer.composeMappingChildren(Composer.java:305)
	at org.yaml.snakeyaml.composer.Composer.composeMappingNode(Composer.java:286)
	at org.yaml.snakeyaml.composer.Composer.composeNode(Composer.java:188)
	at org.yaml.snakeyaml.composer.Composer.composeValueNode(Composer.java:314)
	at org.yaml.snakeyaml.composer.Composer.composeMappingChildren(Composer.java:305)
	at org.yaml.snakeyaml.composer.Composer.composeMappingNode(Composer.java:286)
	at org.yaml.snakeyaml.composer.Composer.composeNode(Composer.java:188)
	at org.yaml.snakeyaml.composer.Composer.composeValueNode(Composer.java:314)
	at org.yaml.snakeyaml.composer.Composer.composeMappingChildren(Composer.java:305)
	at org.yaml.snakeyaml.composer.Composer.composeMappingNode(Composer.java:286)
	at org.yaml.snakeyaml.composer.Composer.composeNode(Composer.java:188)
	at org.yaml.snakeyaml.composer.Composer.composeValueNode(Composer.java:314)
	at org.yaml.snakeyaml.composer.Composer.composeMappingChildren(Composer.java:305)
	at org.yaml.snakeyaml.composer.Composer.composeMappingNode(Composer.java:286)
	at org.yaml.snakeyaml.composer.Composer.composeNode(Composer.java:188)
	at org.yaml.snakeyaml.composer.Composer.composeValueNode(Composer.java:314)
	at org.yaml.snakeyaml.composer.Composer.composeMappingChildren(Composer.java:305)
	at org.yaml.snakeyaml.composer.Composer.composeMappingNode(Composer.java:286)
	at org.yaml.snakeyaml.composer.Composer.composeNode(Composer.java:188)
	at org.yaml.snakeyaml.composer.Composer.composeValueNode(Composer.java:314)
	at org.yaml.snakeyaml.composer.Composer.composeMappingChildren(Composer.java:305)
	at org.yaml.snakeyaml.composer.Composer.composeMappingNode(Composer.java:286)
	at org.yaml.snakeyaml.composer.Composer.composeNode(Composer.java:188)
	at org.yaml.snakeyaml.composer.Composer.composeValueNode(Composer.java:314)
	at org.yaml.snakeyaml.composer.Composer.composeMappingChildren(Composer.java:305)
	at org.yaml.snakeyaml.composer.Composer.composeMappingNode(Composer.java:286)
	at org.yaml.snakeyaml.composer.Composer.composeNode(Composer.java:188)
	at org.yaml.snakeyaml.composer.Composer.composeValueNode(Composer.java:314)
	at org.yaml.snakeyaml.composer.Composer.composeMappingChildren(Composer.java:305)
	at org.yaml.snakeyaml.composer.Composer.composeMappingNode(Composer.java:286)
	at org.yaml.snakeyaml.composer.Composer.composeNode(Composer.java:188)
	at org.yaml.snakeyaml.composer.Composer.composeValueNode(Composer.java:314)
	at org.yaml.snakeyaml.composer.Composer.composeMappingChildren(Composer.java:305)
	at org.yaml.snakeyaml.composer.Composer.composeMappingNode(Composer.java:286)
	at org.yaml.snakeyaml.composer.Composer.composeNode(Composer.java:188)
	at org.yaml.snakeyaml.composer.Composer.composeValueNode(Composer.java:314)
	at org.yaml.snakeyaml.composer.Composer.composeMappingChildren(Composer.java:305)
	at org.yaml.snakeyaml.composer.Composer.composeMappingNode(Composer.java:286)
	at org.yaml.snakeyaml.composer.Composer.composeNode(Composer.java:188)
	at org.yaml.snakeyaml.composer.Composer.composeValueNode(Composer.java:314)
	at org.yaml.snakeyaml.composer.Composer.composeMappingChildren(Composer.java:305)
	at org.yaml.snakeyaml.composer.Composer.composeMappingNode(Composer.java:286)
	at org.yaml.snakeyaml.composer.Composer.composeNode(Composer.java:188)
	at org.yaml.snakeyaml.composer.Composer.composeValueNode(Composer.java:314)
	at org.yaml.snakeyaml.composer.Composer.composeMappingChildren(Composer.java:305)
	at org.yaml.snakeyaml.composer.Composer.composeMappingNode(Composer.java:286)
	at org.yaml.snakeyaml.composer.Composer.composeNode(Composer.java:188)
	at org.yaml.snakeyaml.composer.Composer.composeValueNode(Composer.java:314)
	at org.yaml.snakeyaml.composer.Composer.composeMappingChildren(Composer.java:305)
	at org.yaml.snakeyaml.composer.Composer.composeMappingNode(Composer.java:286)
	at org.yaml.snakeyaml.composer.Composer.composeNode(Composer.java:188)
	at org.yaml.snakeyaml.composer.Composer.composeValueNode(Composer.java:314)
	at org.yaml.snakeyaml.composer.Composer.composeMappingChildren(Composer.java:305)
	at org.yaml.snakeyaml.composer.Composer.composeMappingNode(Composer.java:286)
	at org.yaml.snakeyaml.composer.Composer.composeNode(Composer.java:188)
	at org.yaml.snakeyaml.composer.Composer.composeValueNode(Composer.java:314)
	at org.yaml.snakeyaml.composer.Composer.composeMappingChildren(Composer.java:305)
	at org.yaml.snakeyaml.composer.Composer.composeMappingNode(Composer.java:286)
	at org.yaml.snakeyaml.composer.Composer.composeNode(Composer.java:188)
	at org.yaml.snakeyaml.composer.Composer.composeValueNode(Composer.java:314)
	at org.yaml.snakeyaml.composer.Composer.composeMappingChildren(Composer.java:305)
	at org.yaml.snakeyaml.composer.Composer.composeMappingNode(Composer.java:286)
	at org.yaml.snakeyaml.composer.Composer.composeNode(Composer.java:188)
	at org.yaml.snakeyaml.composer.Composer.composeValueNode(Composer.java:314)
	at org.yaml.snakeyaml.composer.Composer.composeMappingChildren(Composer.java:305)
	at org.yaml.snakeyaml.composer.Composer.composeMappingNode(Composer.java:286)
	at org.yaml.snakeyaml.composer.Composer.composeNode(Composer.java:188)
	at org.yaml.snakeyaml.composer.Composer.composeValueNode(Composer.java:314)
	at org.yaml.snakeyaml.composer.Composer.composeMappingChildren(Composer.java:305)
	at org.yaml.snakeyaml.composer.Composer.composeMappingNode(Composer.java:286)
	at org.yaml.snakeyaml.composer.Composer.composeNode(Composer.java:188)
	at org.yaml.snakeyaml.composer.Composer.composeValueNode(Composer.java:314)
	at org.yaml.snakeyaml.composer.Composer.composeMappingChildren(Composer.java:305)
	at org.yaml.snakeyaml.composer.Composer.composeMappingNode(Composer.java:286)
	at org.yaml.snakeyaml.composer.Composer.composeNode(Composer.java:188)
	at org.yaml.snakeyaml.composer.Composer.composeValueNode(Composer.java:314)
	at org.yaml.snakeyaml.composer.Composer.composeMappingChildren(Composer.java:305)
	at org.yaml.snakeyaml.composer.Composer.composeMappingNode(Composer.java:286)
	at org.yaml.snakeyaml.composer.Composer.composeNode(Composer.java:188)
	at org.yaml.snakeyaml.composer.Composer.composeValueNode(Composer.java:314)
	at org.yaml.snakeyaml.composer.Composer.composeMappingChildren(Composer.java:305)
	at org.yaml.snakeyaml.composer.Composer.composeMappingNode(Composer.java:286)
	at org.yaml.snakeyaml.composer.Composer.composeNode(Composer.java:188)
	at org.yaml.snakeyaml.composer.Composer.composeValueNode(Composer.java:314)
	at org.yaml.snakeyaml.composer.Composer.composeMappingChildren(Composer.java:305)
	at org.yaml.snakeyaml.composer.Composer.composeMappingNode(Composer.java:286)
	at org.yaml.snakeyaml.composer.Composer.composeNode(Composer.java:188)
	at org.yaml.snakeyaml.composer.Composer.composeValueNode(Composer.java:314)
	at org.yaml.snakeyaml.composer.Composer.composeMappingChildren(Composer.java:305)
	at org.yaml.snakeyaml.composer.Composer.composeMappingNode(Composer.java:286)
	at org.yaml.snakeyaml.composer.Composer.composeNode(Composer.java:188)
	at org.yaml.snakeyaml.composer.Composer.composeValueNode(Composer.java:314)
	at org.yaml.snakeyaml.composer.Composer.composeMappingChildren(Composer.java:305)
	at org.yaml.snakeyaml.composer.Composer.composeMappingNode(Composer.java:286)
	at org.yaml.snakeyaml.composer.Composer.composeNode(Composer.java:188)
	at org.yaml.snakeyaml.composer.Composer.composeValueNode(Composer.java:314)
	at org.yaml.snakeyaml.composer.Composer.composeMappingChildren(Composer.java:305)
	at org.yaml.snakeyaml.composer.Composer.composeMappingNode(Composer.java:286)
	at org.yaml.snakeyaml.composer.Composer.composeNode(Composer.java:188)
	at org.yaml.snakeyaml.composer.Composer.composeValueNode(Composer.java:314)
	at org.yaml.snakeyaml.composer.Composer.composeMappingChildren(Composer.java:305)
	at org.yaml.snakeyaml.composer.Composer.composeMappingNode(Composer.java:286)
	at org.yaml.snakeyaml.composer.Composer.composeNode(Composer.java:188)
	at org.yaml.snakeyaml.composer.Composer.composeValueNode(Composer.java:314)
	at org.yaml.snakeyaml.composer.Composer.composeMappingChildren(Composer.java:305)
	at org.yaml.snakeyaml.composer.Composer.composeMappingNode(Composer.java:286)
	at org.yaml.snakeyaml.composer.Composer.composeNode(Composer.java:188)
	at org.yaml.snakeyaml.composer.Composer.composeValueNode(Composer.java:314)
	at org.yaml.snakeyaml.composer.Composer.composeMappingChildren(Composer.java:305)
	at org.yaml.snakeyaml.composer.Composer.composeMappingNode(Composer.java:286)
	at org.yaml.snakeyaml.composer.Composer.composeNode(Composer.java:188)
	at org.yaml.snakeyaml.composer.Composer.composeValueNode(Composer.java:314)
	at org.yaml.snakeyaml.composer.Composer.composeMappingChildren(Composer.java:305)
	at org.yaml.snakeyaml.composer.Composer.composeMappingNode(Composer.java:286)
	at org.yaml.snakeyaml.composer.Composer.composeNode(Composer.java:188)
	at org.yaml.snakeyaml.composer.Composer.composeValueNode(Composer.java:314)
	at org.yaml.snakeyaml.composer.Composer.composeMappingChildren(Composer.java:305)
	at org.yaml.snakeyaml.composer.Composer.composeMappingNode(Composer.java:286)
	at org.yaml.snakeyaml.composer.Composer.composeNode(Composer.java:188)
	at org.yaml.snakeyaml.composer.Composer.composeValueNode(Composer.java:314)
	at org.yaml.snakeyaml.composer.Composer.composeMappingChildren(Composer.java:305)
	at org.yaml.snakeyaml.composer.Composer.composeMappingNode(Composer.java:286)
	at org.yaml.snakeyaml.composer.Composer.composeNode(Composer.java:188)
	at org.yaml.snakeyaml.composer.Composer.composeValueNode(Composer.java:314)
	at org.yaml.snakeyaml.composer.Composer.composeMappingChildren(Composer.java:305)
	at org.yaml.snakeyaml.composer.Composer.composeMappingNode(Composer.java:286)
	at org.yaml.snakeyaml.composer.Composer.composeNode(Composer.java:188)
	at org.yaml.snakeyaml.composer.Composer.composeValueNode(Composer.java:314)
	at org.yaml.snakeyaml.composer.Composer.composeMappingChildren(Composer.java:305)
	at org.yaml.snakeyaml.composer.Composer.composeMappingNode(Composer.java:286)
	at org.yaml.snakeyaml.composer.Composer.composeNode(Composer.java:188)
	at org.yaml.snakeyaml.composer.Composer.composeValueNode(Composer.java:314)
	at org.yaml.snakeyaml.composer.Composer.composeMappingChildren(Composer.java:305)
	at org.yaml.snakeyaml.composer.Composer.composeMappingNode(Composer.java:286)
	at org.yaml.snakeyaml.composer.Composer.composeNode(Composer.java:188)
	at org.yaml.snakeyaml.composer.Composer.composeValueNode(Composer.java:314)
	at org.yaml.snakeyaml.composer.Composer.composeMappingChildren(Composer.java:305)
	at org.yaml.snakeyaml.composer.Composer.composeMappingNode(Composer.java:286)
	at org.yaml.snakeyaml.composer.Composer.composeNode(Composer.java:188)
	at org.yaml.snakeyaml.composer.Composer.composeValueNode(Composer.java:314)
	at org.yaml.snakeyaml.composer.Composer.composeMappingChildren(Composer.java:305)
	at org.yaml.snakeyaml.composer.Composer.composeMappingNode(Composer.java:286)
	at org.yaml.snakeyaml.composer.Composer.composeNode(Composer.java:188)
	at org.yaml.snakeyaml.composer.Composer.composeValueNode(Composer.java:314)
	at org.yaml.snakeyaml.composer.Composer.composeMappingChildren(Composer.java:305)
	at org.yaml.snakeyaml.composer.Composer.composeMappingNode(Composer.java:286)
	at org.yaml.snakeyaml.composer.Composer.composeNode(Composer.java:188)
	at org.yaml.snakeyaml.composer.Composer.composeValueNode(Composer.java:314)
	at org.yaml.snakeyaml.composer.Composer.composeMappingChildren(Composer.java:305)
	at org.yaml.snakeyaml.composer.Composer.composeMappingNode(Composer.java:286)
	at org.yaml.snakeyaml.composer.Composer.composeNode(Composer.java:188)
	at org.yaml.snakeyaml.composer.Composer.composeValueNode(Composer.java:314)
	at org.yaml.snakeyaml.composer.Composer.composeMappingChildren(Composer.java:305)
	at org.yaml.snakeyaml.composer.Composer.composeMappingNode(Composer.java:286)
	at org.yaml.snakeyaml.composer.Composer.composeNode(Composer.java:188)
	at org.yaml.snakeyaml.composer.Composer.composeValueNode(Composer.java:314)
	at org.yaml.snakeyaml.composer.Composer.composeMappingChildren(Composer.java:305)
	at org.yaml.snakeyaml.composer.Composer.composeMappingNode(Composer.java:286)
	at org.yaml.snakeyaml.composer.Composer.composeNode(Composer.java:188)
	at org.yaml.snakeyaml.composer.Composer.composeValueNode(Composer.java:314)
	at org.yaml.snakeyaml.composer.Composer.composeMappingChildren(Composer.java:305)
	at org.yaml.snakeyaml.composer.Composer.composeMappingNode(Composer.java:286)
	at org.yaml.snakeyaml.composer.Composer.composeNode(Composer.java:188)
	at org.yaml.snakeyaml.composer.Composer.composeValueNode(Composer.java:314)
	at org.yaml.snakeyaml.composer.Composer.composeMappingChildren(Composer.java:305)
	at org.yaml.snakeyaml.composer.Composer.composeMappingNode(Composer.java:286)
	at org.yaml.snakeyaml.composer.Composer.composeNode(Composer.java:188)
	at org.yaml.snakeyaml.composer.Composer.composeValueNode(Composer.java:314)
	at org.yaml.snakeyaml.composer.Composer.composeMappingChildren(Composer.java:305)
	at org.yaml.snakeyaml.composer.Composer.composeMappingNode(Composer.java:286)
	at org.yaml.snakeyaml.composer.Composer.composeNode(Composer.java:188)
	at org.yaml.snakeyaml.composer.Composer.composeValueNode(Composer.java:314)
	at org.yaml.snakeyaml.composer.Composer.composeMappingChildren(Composer.java:305)
	at org.yaml.snakeyaml.composer.Composer.composeMappingNode(Composer.java:286)
	at org.yaml.snakeyaml.composer.Composer.composeNode(Composer.java:188)
	at org.yaml.snakeyaml.composer.Composer.composeValueNode(Composer.java:314)
	at org.yaml.snakeyaml.composer.Composer.composeMappingChildren(Composer.java:305)
	at org.yaml.snakeyaml.composer.Composer.composeMappingNode(Composer.java:286)
	at org.yaml.snakeyaml.composer.Composer.composeNode(Composer.java:188)
	at org.yaml.snakeyaml.composer.Composer.composeValueNode(Composer.java:314)
	at org.yaml.snakeyaml.composer.Composer.composeMappingChildren(Composer.java:305)
	at org.yaml.snakeyaml.composer.Composer.composeMappingNode(Composer.java:286)
	at org.yaml.snakeyaml.composer.Composer.composeNode(Composer.java:188)
	at org.yaml.snakeyaml.composer.Composer.composeValueNode(Composer.java:314)
	at org.yaml.snakeyaml.composer.Composer.composeMappingChildren(Composer.java:305)
	at org.yaml.snakeyaml.composer.Composer.composeMappingNode(Composer.java:286)
	at org.yaml.snakeyaml.composer.Composer.composeNode(Composer.java:188)
	at org.yaml.snakeyaml.composer.Composer.composeValueNode(Composer.java:314)
	at org.yaml.snakeyaml.composer.Composer.composeMappingChildren(Composer.java:305)
	at org.yaml.snakeyaml.composer.Composer.composeMappingNode(Composer.java:286)
	at org.yaml.snakeyaml.composer.Composer.composeNode(Composer.java:188)
	at org.yaml.snakeyaml.composer.Composer.composeValueNode(Composer.java:314)
	at org.yaml.snakeyaml.composer.Composer.composeMappingChildren(Composer.java:305)
	at org.yaml.snakeyaml.composer.Composer.composeMappingNode(Composer.java:286)
	at org.yaml.snakeyaml.composer.Composer.composeNode(Composer.java:188)
	at org.yaml.snakeyaml.composer.Composer.composeValueNode(Composer.java:314)
	at org.yaml.snakeyaml.composer.Composer.composeMappingChildren(Composer.java:305)
	at org.yaml.snakeyaml.composer.Composer.composeMappingNode(Composer.java:286)
	at org.yaml.snakeyaml.composer.Composer.composeNode(Composer.java:188)
	at org.yaml.snakeyaml.composer.Composer.composeValueNode(Composer.java:314)
	at org.yaml.snakeyaml.composer.Composer.composeMappingChildren(Composer.java:305)
	at org.yaml.snakeyaml.composer.Composer.composeMappingNode(Composer.java:286)
	at org.yaml.snakeyaml.composer.Composer.composeNode(Composer.java:188)
	at org.yaml.snakeyaml.composer.Composer.composeValueNode(Composer.java:314)
	at org.yaml.snakeyaml.composer.Composer.composeMappingChildren(Composer.java:305)
	at org.yaml.snakeyaml.composer.Composer.composeMappingNode(Composer.java:286)
	at org.yaml.snakeyaml.composer.Composer.composeNode(Composer.java:188)
	at org.yaml.snakeyaml.composer.Composer.composeValueNode(Composer.java:314)
	at org.yaml.snakeyaml.composer.Composer.composeMappingChildren(Composer.java:305)
	at org.yaml.snakeyaml.composer.Composer.composeMappingNode(Composer.java:286)
	at org.yaml.snakeyaml.composer.Composer.composeNode(Composer.java:188)
	at org.yaml.snakeyaml.composer.Composer.composeValueNode(Composer.java:314)
	at org.yaml.snakeyaml.composer.Composer.composeMappingChildren(Composer.java:305)
	at org.yaml.snakeyaml.composer.Composer.composeMappingNode(Composer.java:286)
	at org.yaml.snakeyaml.composer.Composer.composeNode(Composer.java:188)
	at org.yaml.snakeyaml.composer.Composer.composeValueNode(Composer.java:314)
	at org.yaml.snakeyaml.composer.Composer.composeMappingChildren(Composer.java:305)
	at org.yaml.snakeyaml.composer.Composer.composeMappingNode(Composer.java:286)
	at org.yaml.snakeyaml.composer.Composer.composeNode(Composer.java:188)
	at org.yaml.snakeyaml.composer.Composer.composeValueNode(Composer.java:314)
	at org.yaml.snakeyaml.composer.Composer.composeMappingChildren(Composer.java:305)
	at org.yaml.snakeyaml.composer.Composer.composeMappingNode(Composer.java:286)
	at org.yaml.snakeyaml.composer.Composer.composeNode(Composer.java:188)
	at org.yaml.snakeyaml.composer.Composer.composeValueNode(Composer.java:314)
	at org.yaml.snakeyaml.composer.Composer.composeMappingChildren(Composer.java:305)
	at org.yaml.snakeyaml.composer.Composer.composeMappingNode(Composer.java:286)
	at org.yaml.snakeyaml.composer.Composer.composeNode(Composer.java:188)
	at org.yaml.snakeyaml.composer.Composer.composeValueNode(Composer.java:314)
	at org.yaml.snakeyaml.composer.Composer.composeMappingChildren(Composer.java:305)
	at org.yaml.snakeyaml.composer.Composer.composeMappingNode(Composer.java:286)
	at org.yaml.snakeyaml.composer.Composer.composeNode(Composer.java:188)
	at org.yaml.snakeyaml.composer.Composer.composeValueNode(Composer.java:314)
	at org.yaml.snakeyaml.composer.Composer.composeMappingChildren(Composer.java:305)
	at org.yaml.snakeyaml.composer.Composer.composeMappingNode(Composer.java:286)
	at org.yaml.snakeyaml.composer.Composer.composeNode(Composer.java:188)
	at org.yaml.snakeyaml.composer.Composer.composeValueNode(Composer.java:314)
	at org.yaml.snakeyaml.composer.Composer.composeMappingChildren(Composer.java:305)
	at org.yaml.snakeyaml.composer.Composer.composeMappingNode(Composer.java:286)
	at org.yaml.snakeyaml.composer.Composer.composeNode(Composer.java:188)
	at org.yaml.snakeyaml.composer.Composer.composeValueNode(Composer.java:314)

